C:\USERS\LENOVO\DESKTOP\EGC\ATLETISM\RELEASE\MAIN.OBJ
C:\USERS\LENOVO\DESKTOP\EGC\ATLETISM\RELEASE\VC110.PDB
C:\USERS\LENOVO\DESKTOP\EGC\SLEEPINGBEAUTY\RELEASE\MAIN.OBJ
C:\USERS\LENOVO\DESKTOP\EGC\SLEEPINGBEAUTY\RELEASE\VC110.PDB
C:\USERS\LENOVO\DESKTOP\EGC\ATLETISM\RELEASE\ATLETISM.EXE
C:\USERS\LENOVO\DESKTOP\EGC\ATLETISM\RELEASE\ATLETISM.PDB
C:\USERS\LENOVO\DESKTOP\EGC\SLEEPINGBEAUTY\RELEASE\SLEEPINGBEAUTY.EXE
C:\USERS\LENOVO\DESKTOP\EGC\SLEEPINGBEAUTY\RELEASE\SLEEPINGBEAUTY.PDB
C:\Users\lenovo\Desktop\tema4\SleepingBeauty\Release\main.obj
C:\Users\lenovo\Desktop\tema4\SleepingBeauty\Release\cl.command.1.tlog
C:\Users\lenovo\Desktop\tema4\SleepingBeauty\Release\CL.read.1.tlog
C:\Users\lenovo\Desktop\tema4\SleepingBeauty\Release\CL.write.1.tlog
C:\Users\lenovo\Desktop\tema4\SleepingBeauty\Release\link-cvtres.read.1.tlog
C:\Users\lenovo\Desktop\tema4\SleepingBeauty\Release\link-cvtres.write.1.tlog
C:\Users\lenovo\Desktop\tema4\SleepingBeauty\Release\link-rc.read.1.tlog
C:\Users\lenovo\Desktop\tema4\SleepingBeauty\Release\link-rc.write.1.tlog
C:\Users\lenovo\Desktop\tema4\SleepingBeauty\Release\link.command.1.tlog
C:\Users\lenovo\Desktop\tema4\SleepingBeauty\Release\link.read.1.tlog
C:\Users\lenovo\Desktop\tema4\SleepingBeauty\Release\link.write.1.tlog
C:\Users\lenovo\Desktop\tema4\SleepingBeauty\Release\SleepingBeauty.pdb
C:\Users\lenovo\Desktop\tema4\SleepingBeauty\Release\vc110.pdb
C:\Users\lenovo\Desktop\tema4\SleepingBeauty\Release\SleepingBeauty.exe
