C:\USERS\LENOVO\DESKTOP\GEOMETRYWARS\GEOMETRYWARS\DEBUG\CHAIN.OBJ
C:\USERS\LENOVO\DESKTOP\GEOMETRYWARS\GEOMETRYWARS\DEBUG\DRILL.OBJ
C:\USERS\LENOVO\DESKTOP\GEOMETRYWARS\GEOMETRYWARS\DEBUG\ELICE.OBJ
C:\USERS\LENOVO\DESKTOP\GEOMETRYWARS\GEOMETRYWARS\DEBUG\DRAWINGWINDOW.OBJ
C:\USERS\LENOVO\DESKTOP\GEOMETRYWARS\GEOMETRYWARS\DEBUG\TRANSFORM2D.OBJ
C:\USERS\LENOVO\DESKTOP\GEOMETRYWARS\GEOMETRYWARS\DEBUG\TRANSFORM3D.OBJ
C:\USERS\LENOVO\DESKTOP\GEOMETRYWARS\GEOMETRYWARS\DEBUG\VISUAL2D.OBJ
C:\USERS\LENOVO\DESKTOP\GEOMETRYWARS\GEOMETRYWARS\DEBUG\GEOMETRYWARS.OBJ
C:\USERS\LENOVO\DESKTOP\GEOMETRYWARS\GEOMETRYWARS\DEBUG\MOVABLE.OBJ
C:\USERS\LENOVO\DESKTOP\GEOMETRYWARS\GEOMETRYWARS\DEBUG\PHYSICSENGINE.OBJ
C:\USERS\LENOVO\DESKTOP\GEOMETRYWARS\GEOMETRYWARS\DEBUG\PLANE.OBJ
C:\USERS\LENOVO\DESKTOP\GEOMETRYWARS\GEOMETRYWARS\DEBUG\PLAYERSHIP.OBJ
C:\USERS\LENOVO\DESKTOP\GEOMETRYWARS\GEOMETRYWARS\DEBUG\PLAYERSHIP2D.OBJ
C:\USERS\LENOVO\DESKTOP\GEOMETRYWARS\GEOMETRYWARS\DEBUG\SHIP.OBJ
C:\USERS\LENOVO\DESKTOP\GEOMETRYWARS\GEOMETRYWARS\DEBUG\PHYSICSPROPERTIES.OBJ
C:\USERS\LENOVO\DESKTOP\GEOMETRYWARS\GEOMETRYWARS\DEBUG\SNAKE.OBJ
C:\USERS\LENOVO\DESKTOP\GEOMETRYWARS\GEOMETRYWARS\DEBUG\SNAKESHIP.OBJ
C:\USERS\LENOVO\DESKTOP\GEOMETRYWARS\GEOMETRYWARS\DEBUG\TORPEDO.OBJ
C:\USERS\LENOVO\DESKTOP\GEOMETRYWARS\GEOMETRYWARS\DEBUG\WALL.OBJ
C:\USERS\LENOVO\DESKTOP\GEOMETRYWARS\GEOMETRYWARS\DEBUG\VC110.PDB
C:\USERS\LENOVO\DESKTOP\GEOMETRYWARS\DEBUG\GEOMETRYWARS.ILK
C:\USERS\LENOVO\DESKTOP\GEOMETRYWARS\DEBUG\GEOMETRYWARS.EXE
C:\USERS\LENOVO\DESKTOP\GEOMETRYWARS\DEBUG\GEOMETRYWARS.PDB
C:\Users\lenovo\Desktop\GeometryWars\GeometryWars\Debug\Chain.obj
C:\Users\lenovo\Desktop\GeometryWars\GeometryWars\Debug\DrawingWindow.obj
C:\Users\lenovo\Desktop\GeometryWars\GeometryWars\Debug\Drill.obj
C:\Users\lenovo\Desktop\GeometryWars\GeometryWars\Debug\Elice.obj
C:\Users\lenovo\Desktop\GeometryWars\GeometryWars\Debug\GeometryWars.obj
C:\Users\lenovo\Desktop\GeometryWars\GeometryWars\Debug\Movable.obj
C:\Users\lenovo\Desktop\GeometryWars\GeometryWars\Debug\PhysicsEngine.obj
C:\Users\lenovo\Desktop\GeometryWars\GeometryWars\Debug\PhysicsProperties.obj
C:\Users\lenovo\Desktop\GeometryWars\GeometryWars\Debug\Plane.obj
C:\Users\lenovo\Desktop\GeometryWars\GeometryWars\Debug\PlayerShip.obj
C:\Users\lenovo\Desktop\GeometryWars\GeometryWars\Debug\PlayerShip2D.obj
C:\Users\lenovo\Desktop\GeometryWars\GeometryWars\Debug\Ship.obj
C:\Users\lenovo\Desktop\GeometryWars\GeometryWars\Debug\Snake.obj
C:\Users\lenovo\Desktop\GeometryWars\GeometryWars\Debug\SnakeShip.obj
C:\Users\lenovo\Desktop\GeometryWars\GeometryWars\Debug\Torpedo.obj
C:\Users\lenovo\Desktop\GeometryWars\GeometryWars\Debug\Transform2D.obj
C:\Users\lenovo\Desktop\GeometryWars\GeometryWars\Debug\Transform3D.obj
C:\Users\lenovo\Desktop\GeometryWars\GeometryWars\Debug\Visual2D.obj
C:\Users\lenovo\Desktop\GeometryWars\GeometryWars\Debug\Wall.obj
C:\Users\lenovo\Desktop\GeometryWars\GeometryWars\Debug\cl.command.1.tlog
C:\Users\lenovo\Desktop\GeometryWars\GeometryWars\Debug\CL.read.1.tlog
C:\Users\lenovo\Desktop\GeometryWars\GeometryWars\Debug\CL.write.1.tlog
C:\Users\lenovo\Desktop\GeometryWars\GeometryWars\Debug\link-cvtres.read.1.tlog
C:\Users\lenovo\Desktop\GeometryWars\GeometryWars\Debug\link-cvtres.write.1.tlog
C:\Users\lenovo\Desktop\GeometryWars\GeometryWars\Debug\link-rc.read.1.tlog
C:\Users\lenovo\Desktop\GeometryWars\GeometryWars\Debug\link-rc.write.1.tlog
C:\Users\lenovo\Desktop\GeometryWars\GeometryWars\Debug\link.1844-cvtres.read.1.tlog
C:\Users\lenovo\Desktop\GeometryWars\GeometryWars\Debug\link.1844-cvtres.write.1.tlog
C:\Users\lenovo\Desktop\GeometryWars\GeometryWars\Debug\link.1844-rc.read.1.tlog
C:\Users\lenovo\Desktop\GeometryWars\GeometryWars\Debug\link.1844-rc.write.1.tlog
C:\Users\lenovo\Desktop\GeometryWars\GeometryWars\Debug\link.1844.read.1.tlog
C:\Users\lenovo\Desktop\GeometryWars\GeometryWars\Debug\link.1844.write.1.tlog
C:\Users\lenovo\Desktop\GeometryWars\GeometryWars\Debug\link.4108-cvtres.read.1.tlog
C:\Users\lenovo\Desktop\GeometryWars\GeometryWars\Debug\link.4108-cvtres.write.1.tlog
C:\Users\lenovo\Desktop\GeometryWars\GeometryWars\Debug\link.4108-rc.read.1.tlog
C:\Users\lenovo\Desktop\GeometryWars\GeometryWars\Debug\link.4108-rc.write.1.tlog
C:\Users\lenovo\Desktop\GeometryWars\GeometryWars\Debug\link.4108.read.1.tlog
C:\Users\lenovo\Desktop\GeometryWars\GeometryWars\Debug\link.4108.write.1.tlog
C:\Users\lenovo\Desktop\GeometryWars\GeometryWars\Debug\link.4552-cvtres.read.1.tlog
C:\Users\lenovo\Desktop\GeometryWars\GeometryWars\Debug\link.4552-cvtres.write.1.tlog
C:\Users\lenovo\Desktop\GeometryWars\GeometryWars\Debug\link.4552-rc.read.1.tlog
C:\Users\lenovo\Desktop\GeometryWars\GeometryWars\Debug\link.4552-rc.write.1.tlog
C:\Users\lenovo\Desktop\GeometryWars\GeometryWars\Debug\link.4552.read.1.tlog
C:\Users\lenovo\Desktop\GeometryWars\GeometryWars\Debug\link.4552.write.1.tlog
C:\Users\lenovo\Desktop\GeometryWars\GeometryWars\Debug\link.4572-cvtres.read.1.tlog
C:\Users\lenovo\Desktop\GeometryWars\GeometryWars\Debug\link.4572-cvtres.write.1.tlog
C:\Users\lenovo\Desktop\GeometryWars\GeometryWars\Debug\link.4572-rc.read.1.tlog
C:\Users\lenovo\Desktop\GeometryWars\GeometryWars\Debug\link.4572-rc.write.1.tlog
C:\Users\lenovo\Desktop\GeometryWars\GeometryWars\Debug\link.4572.read.1.tlog
C:\Users\lenovo\Desktop\GeometryWars\GeometryWars\Debug\link.4572.write.1.tlog
C:\Users\lenovo\Desktop\GeometryWars\GeometryWars\Debug\link.6056-cvtres.read.1.tlog
C:\Users\lenovo\Desktop\GeometryWars\GeometryWars\Debug\link.6056-cvtres.write.1.tlog
C:\Users\lenovo\Desktop\GeometryWars\GeometryWars\Debug\link.6056-rc.read.1.tlog
C:\Users\lenovo\Desktop\GeometryWars\GeometryWars\Debug\link.6056-rc.write.1.tlog
C:\Users\lenovo\Desktop\GeometryWars\GeometryWars\Debug\link.6056.read.1.tlog
C:\Users\lenovo\Desktop\GeometryWars\GeometryWars\Debug\link.6056.write.1.tlog
C:\Users\lenovo\Desktop\GeometryWars\GeometryWars\Debug\link.7652-cvtres.read.1.tlog
C:\Users\lenovo\Desktop\GeometryWars\GeometryWars\Debug\link.7652-cvtres.write.1.tlog
C:\Users\lenovo\Desktop\GeometryWars\GeometryWars\Debug\link.7652-rc.read.1.tlog
C:\Users\lenovo\Desktop\GeometryWars\GeometryWars\Debug\link.7652-rc.write.1.tlog
C:\Users\lenovo\Desktop\GeometryWars\GeometryWars\Debug\link.7652.read.1.tlog
C:\Users\lenovo\Desktop\GeometryWars\GeometryWars\Debug\link.7652.write.1.tlog
C:\Users\lenovo\Desktop\GeometryWars\GeometryWars\Debug\link.7732-cvtres.read.1.tlog
C:\Users\lenovo\Desktop\GeometryWars\GeometryWars\Debug\link.7732-cvtres.write.1.tlog
C:\Users\lenovo\Desktop\GeometryWars\GeometryWars\Debug\link.7732-rc.read.1.tlog
C:\Users\lenovo\Desktop\GeometryWars\GeometryWars\Debug\link.7732-rc.write.1.tlog
C:\Users\lenovo\Desktop\GeometryWars\GeometryWars\Debug\link.7732.read.1.tlog
C:\Users\lenovo\Desktop\GeometryWars\GeometryWars\Debug\link.7732.write.1.tlog
C:\Users\lenovo\Desktop\GeometryWars\GeometryWars\Debug\link.8480-cvtres.read.1.tlog
C:\Users\lenovo\Desktop\GeometryWars\GeometryWars\Debug\link.8480-cvtres.write.1.tlog
C:\Users\lenovo\Desktop\GeometryWars\GeometryWars\Debug\link.8480-rc.read.1.tlog
C:\Users\lenovo\Desktop\GeometryWars\GeometryWars\Debug\link.8480-rc.write.1.tlog
C:\Users\lenovo\Desktop\GeometryWars\GeometryWars\Debug\link.8480.read.1.tlog
C:\Users\lenovo\Desktop\GeometryWars\GeometryWars\Debug\link.8480.write.1.tlog
C:\Users\lenovo\Desktop\GeometryWars\GeometryWars\Debug\link.8700-cvtres.read.1.tlog
C:\Users\lenovo\Desktop\GeometryWars\GeometryWars\Debug\link.8700-cvtres.write.1.tlog
C:\Users\lenovo\Desktop\GeometryWars\GeometryWars\Debug\link.8700-rc.read.1.tlog
C:\Users\lenovo\Desktop\GeometryWars\GeometryWars\Debug\link.8700-rc.write.1.tlog
C:\Users\lenovo\Desktop\GeometryWars\GeometryWars\Debug\link.8700.read.1.tlog
C:\Users\lenovo\Desktop\GeometryWars\GeometryWars\Debug\link.8700.write.1.tlog
C:\Users\lenovo\Desktop\GeometryWars\GeometryWars\Debug\link.command.1.tlog
C:\Users\lenovo\Desktop\GeometryWars\GeometryWars\Debug\link.read.1.tlog
C:\Users\lenovo\Desktop\GeometryWars\GeometryWars\Debug\link.write.1.tlog
C:\Users\lenovo\Desktop\GeometryWars\GeometryWars\Debug\vc110.idb
C:\Users\lenovo\Desktop\GeometryWars\GeometryWars\Debug\vc110.pdb
C:\Users\lenovo\Desktop\GeometryWars\Debug\GeometryWars.pdb
C:\Users\lenovo\Desktop\GeometryWars\Debug\GeometryWars.exe
C:\Users\lenovo\Desktop\GeometryWars\Debug\GeometryWars.ilk
