C:\USERS\LENOVO\DESKTOP\EGC\TEMA2\LAB2\DEBUG\CAR.OBJ
C:\USERS\LENOVO\DESKTOP\EGC\TEMA2\LAB2\DEBUG\ENEMY.OBJ
C:\USERS\LENOVO\DESKTOP\EGC\TEMA2\LAB2\DEBUG\DRAWINGWINDOW.OBJ
C:\USERS\LENOVO\DESKTOP\EGC\TEMA2\LAB2\DEBUG\TRANSFORM2D.OBJ
C:\USERS\LENOVO\DESKTOP\EGC\TEMA2\LAB2\DEBUG\TRANSFORM3D.OBJ
C:\USERS\LENOVO\DESKTOP\EGC\TEMA2\LAB2\DEBUG\VISUAL2D.OBJ
C:\USERS\LENOVO\DESKTOP\EGC\TEMA2\LAB2\DEBUG\MAIN.OBJ
C:\USERS\LENOVO\DESKTOP\EGC\TEMA2\LAB2\DEBUG\MOVABLE.OBJ
C:\USERS\LENOVO\DESKTOP\EGC\TEMA2\LAB2\DEBUG\OBSTACLE.OBJ
C:\USERS\LENOVO\DESKTOP\EGC\TEMA2\LAB2\DEBUG\PHYSICSENGINE.OBJ
C:\USERS\LENOVO\DESKTOP\EGC\TEMA2\LAB2\DEBUG\PHYSICSPROPERTIES.OBJ
C:\USERS\LENOVO\DESKTOP\EGC\TEMA2\LAB2\DEBUG\PLAYER.OBJ
C:\USERS\LENOVO\DESKTOP\EGC\TEMA2\LAB2\DEBUG\POWERUP.OBJ
C:\USERS\LENOVO\DESKTOP\EGC\TEMA2\LAB2\DEBUG\ROAD.OBJ
C:\USERS\LENOVO\DESKTOP\EGC\TEMA2\LAB2\DEBUG\ROADSTRIPES.OBJ
C:\USERS\LENOVO\DESKTOP\EGC\TEMA2\LAB2\DEBUG\UNITCUBE.OBJ
C:\USERS\LENOVO\DESKTOP\EGC\TEMA2\LAB2\DEBUG\WHEEL.OBJ
C:\USERS\LENOVO\DESKTOP\EGC\TEMA2\LAB2\DEBUG\VC110.PDB
C:\USERS\LENOVO\DESKTOP\EGC\TEMA2\DEBUG\LAB2.ILK
C:\USERS\LENOVO\DESKTOP\EGC\TEMA2\DEBUG\LAB2.EXE
C:\USERS\LENOVO\DESKTOP\EGC\TEMA2\DEBUG\LAB2.PDB
C:\Users\lenovo\Desktop\Tema2 Crazy Driver\lab2\Debug\Car.obj
C:\Users\lenovo\Desktop\Tema2 Crazy Driver\lab2\Debug\DrawingWindow.obj
C:\Users\lenovo\Desktop\Tema2 Crazy Driver\lab2\Debug\Enemy.obj
C:\Users\lenovo\Desktop\Tema2 Crazy Driver\lab2\Debug\main.obj
C:\Users\lenovo\Desktop\Tema2 Crazy Driver\lab2\Debug\Movable.obj
C:\Users\lenovo\Desktop\Tema2 Crazy Driver\lab2\Debug\Obstacle.obj
C:\Users\lenovo\Desktop\Tema2 Crazy Driver\lab2\Debug\PhysicsEngine.obj
C:\Users\lenovo\Desktop\Tema2 Crazy Driver\lab2\Debug\PhysicsProperties.obj
C:\Users\lenovo\Desktop\Tema2 Crazy Driver\lab2\Debug\Player.obj
C:\Users\lenovo\Desktop\Tema2 Crazy Driver\lab2\Debug\PowerUp.obj
C:\Users\lenovo\Desktop\Tema2 Crazy Driver\lab2\Debug\Road.obj
C:\Users\lenovo\Desktop\Tema2 Crazy Driver\lab2\Debug\RoadStripes.obj
C:\Users\lenovo\Desktop\Tema2 Crazy Driver\lab2\Debug\Transform2D.obj
C:\Users\lenovo\Desktop\Tema2 Crazy Driver\lab2\Debug\Transform3D.obj
C:\Users\lenovo\Desktop\Tema2 Crazy Driver\lab2\Debug\UnitCube.obj
C:\Users\lenovo\Desktop\Tema2 Crazy Driver\lab2\Debug\Visual2D.obj
C:\Users\lenovo\Desktop\Tema2 Crazy Driver\lab2\Debug\Wheel.obj
C:\Users\lenovo\Desktop\Tema2 Crazy Driver\lab2\Debug\cl.command.1.tlog
C:\Users\lenovo\Desktop\Tema2 Crazy Driver\lab2\Debug\CL.read.1.tlog
C:\Users\lenovo\Desktop\Tema2 Crazy Driver\lab2\Debug\CL.write.1.tlog
C:\Users\lenovo\Desktop\Tema2 Crazy Driver\lab2\Debug\link-cvtres.read.1.tlog
C:\Users\lenovo\Desktop\Tema2 Crazy Driver\lab2\Debug\link-cvtres.write.1.tlog
C:\Users\lenovo\Desktop\Tema2 Crazy Driver\lab2\Debug\link-rc.read.1.tlog
C:\Users\lenovo\Desktop\Tema2 Crazy Driver\lab2\Debug\link-rc.write.1.tlog
C:\Users\lenovo\Desktop\Tema2 Crazy Driver\lab2\Debug\link.command.1.tlog
C:\Users\lenovo\Desktop\Tema2 Crazy Driver\lab2\Debug\link.read.1.tlog
C:\Users\lenovo\Desktop\Tema2 Crazy Driver\lab2\Debug\link.write.1.tlog
C:\Users\lenovo\Desktop\Tema2 Crazy Driver\lab2\Debug\vc110.idb
C:\Users\lenovo\Desktop\Tema2 Crazy Driver\lab2\Debug\vc110.pdb
