C:\USERS\LENOVO\DESKTOP\EGC\TEMA2\LAB2\DEBUG\DRAWINGWINDOW.OBJ
C:\USERS\LENOVO\DESKTOP\EGC\TEMA2\LAB2\DEBUG\TRANSFORM2D.OBJ
C:\USERS\LENOVO\DESKTOP\EGC\TEMA2\LAB2\DEBUG\TRANSFORM3D.OBJ
C:\USERS\LENOVO\DESKTOP\EGC\TEMA2\LAB2\DEBUG\VISUAL2D.OBJ
C:\USERS\LENOVO\DESKTOP\EGC\TEMA2\LAB2\DEBUG\MAIN.OBJ
C:\USERS\LENOVO\DESKTOP\EGC\TEMA2\LAB2\DEBUG\VC110.PDB
C:\USERS\LENOVO\DESKTOP\EGC\TEMA2\LAB2\DEBUG\MOVABLE.OBJ
C:\USERS\LENOVO\DESKTOP\EGC\TEMA2\LAB2\DEBUG\PHYSICSPROPERTIES.OBJ
C:\USERS\LENOVO\DESKTOP\EGC\TEMA2\LAB2\DEBUG\PHYSICSENGINE.OBJ
C:\USERS\LENOVO\DESKTOP\EGC\TEMA2\LAB2\DEBUG\CAR.OBJ
C:\USERS\LENOVO\DESKTOP\EGC\TEMA2\LAB2\DEBUG\OBSTACLE.OBJ
C:\USERS\LENOVO\DESKTOP\EGC\TEMA2\LAB2\DEBUG\PLAYER.OBJ
C:\USERS\LENOVO\DESKTOP\EGC\TEMA2\LAB2\DEBUG\POWERUP.OBJ
C:\USERS\LENOVO\DESKTOP\EGC\TEMA2\LAB2\DEBUG\ROAD.OBJ
C:\USERS\LENOVO\DESKTOP\EGC\TEMA2\LAB2\DEBUG\WHEEL.OBJ
C:\USERS\LENOVO\DESKTOP\EGC\TEMA2\LAB2\DEBUG\UNITCUBE.OBJ
C:\USERS\LENOVO\DESKTOP\EGC\TEMA2\LAB2\DEBUG\ENEMY.OBJ
C:\USERS\LENOVO\DESKTOP\EGC\TEMA2\LAB2\DEBUG\ROADSTRIPES.OBJ
C:\USERS\LENOVO\DESKTOP\EGC\TEMA2\DEBUG\LAB2.ILK
C:\USERS\LENOVO\DESKTOP\EGC\TEMA2\DEBUG\LAB2.EXE
C:\USERS\LENOVO\DESKTOP\EGC\TEMA2\DEBUG\LAB2.PDB
C:\Users\lenovo\Desktop\egc\tema2\lab2\Debug\Car.obj
C:\Users\lenovo\Desktop\egc\tema2\lab2\Debug\DrawingWindow.obj
C:\Users\lenovo\Desktop\egc\tema2\lab2\Debug\Enemy.obj
C:\Users\lenovo\Desktop\egc\tema2\lab2\Debug\main.obj
C:\Users\lenovo\Desktop\egc\tema2\lab2\Debug\Movable.obj
C:\Users\lenovo\Desktop\egc\tema2\lab2\Debug\Obstacle.obj
C:\Users\lenovo\Desktop\egc\tema2\lab2\Debug\PhysicsEngine.obj
C:\Users\lenovo\Desktop\egc\tema2\lab2\Debug\PhysicsProperties.obj
C:\Users\lenovo\Desktop\egc\tema2\lab2\Debug\Player.obj
C:\Users\lenovo\Desktop\egc\tema2\lab2\Debug\PowerUp.obj
C:\Users\lenovo\Desktop\egc\tema2\lab2\Debug\Road.obj
C:\Users\lenovo\Desktop\egc\tema2\lab2\Debug\RoadStripes.obj
C:\Users\lenovo\Desktop\egc\tema2\lab2\Debug\Transform2D.obj
C:\Users\lenovo\Desktop\egc\tema2\lab2\Debug\Transform3D.obj
C:\Users\lenovo\Desktop\egc\tema2\lab2\Debug\UnitCube.obj
C:\Users\lenovo\Desktop\egc\tema2\lab2\Debug\Visual2D.obj
C:\Users\lenovo\Desktop\egc\tema2\lab2\Debug\Wheel.obj
C:\Users\lenovo\Desktop\egc\tema2\lab2\Debug\cl.command.1.tlog
C:\Users\lenovo\Desktop\egc\tema2\lab2\Debug\CL.read.1.tlog
C:\Users\lenovo\Desktop\egc\tema2\lab2\Debug\CL.write.1.tlog
C:\Users\lenovo\Desktop\egc\tema2\lab2\Debug\link-cvtres.read.1.tlog
C:\Users\lenovo\Desktop\egc\tema2\lab2\Debug\link-cvtres.write.1.tlog
C:\Users\lenovo\Desktop\egc\tema2\lab2\Debug\link-rc.read.1.tlog
C:\Users\lenovo\Desktop\egc\tema2\lab2\Debug\link-rc.write.1.tlog
C:\Users\lenovo\Desktop\egc\tema2\lab2\Debug\link.1412-cvtres.read.1.tlog
C:\Users\lenovo\Desktop\egc\tema2\lab2\Debug\link.1412-cvtres.write.1.tlog
C:\Users\lenovo\Desktop\egc\tema2\lab2\Debug\link.1412-rc.read.1.tlog
C:\Users\lenovo\Desktop\egc\tema2\lab2\Debug\link.1412-rc.write.1.tlog
C:\Users\lenovo\Desktop\egc\tema2\lab2\Debug\link.1412.read.1.tlog
C:\Users\lenovo\Desktop\egc\tema2\lab2\Debug\link.1412.write.1.tlog
C:\Users\lenovo\Desktop\egc\tema2\lab2\Debug\link.1688-cvtres.read.1.tlog
C:\Users\lenovo\Desktop\egc\tema2\lab2\Debug\link.1688-cvtres.write.1.tlog
C:\Users\lenovo\Desktop\egc\tema2\lab2\Debug\link.1688-rc.read.1.tlog
C:\Users\lenovo\Desktop\egc\tema2\lab2\Debug\link.1688-rc.write.1.tlog
C:\Users\lenovo\Desktop\egc\tema2\lab2\Debug\link.1688.read.1.tlog
C:\Users\lenovo\Desktop\egc\tema2\lab2\Debug\link.1688.write.1.tlog
C:\Users\lenovo\Desktop\egc\tema2\lab2\Debug\link.1900-cvtres.read.1.tlog
C:\Users\lenovo\Desktop\egc\tema2\lab2\Debug\link.1900-cvtres.write.1.tlog
C:\Users\lenovo\Desktop\egc\tema2\lab2\Debug\link.1900-rc.read.1.tlog
C:\Users\lenovo\Desktop\egc\tema2\lab2\Debug\link.1900-rc.write.1.tlog
C:\Users\lenovo\Desktop\egc\tema2\lab2\Debug\link.1900.read.1.tlog
C:\Users\lenovo\Desktop\egc\tema2\lab2\Debug\link.1900.write.1.tlog
C:\Users\lenovo\Desktop\egc\tema2\lab2\Debug\link.272-cvtres.read.1.tlog
C:\Users\lenovo\Desktop\egc\tema2\lab2\Debug\link.272-cvtres.write.1.tlog
C:\Users\lenovo\Desktop\egc\tema2\lab2\Debug\link.272-rc.read.1.tlog
C:\Users\lenovo\Desktop\egc\tema2\lab2\Debug\link.272-rc.write.1.tlog
C:\Users\lenovo\Desktop\egc\tema2\lab2\Debug\link.272.read.1.tlog
C:\Users\lenovo\Desktop\egc\tema2\lab2\Debug\link.272.write.1.tlog
C:\Users\lenovo\Desktop\egc\tema2\lab2\Debug\link.2812-cvtres.read.1.tlog
C:\Users\lenovo\Desktop\egc\tema2\lab2\Debug\link.2812-cvtres.write.1.tlog
C:\Users\lenovo\Desktop\egc\tema2\lab2\Debug\link.2812-rc.read.1.tlog
C:\Users\lenovo\Desktop\egc\tema2\lab2\Debug\link.2812-rc.write.1.tlog
C:\Users\lenovo\Desktop\egc\tema2\lab2\Debug\link.2812.read.1.tlog
C:\Users\lenovo\Desktop\egc\tema2\lab2\Debug\link.2812.write.1.tlog
C:\Users\lenovo\Desktop\egc\tema2\lab2\Debug\link.2916-cvtres.read.1.tlog
C:\Users\lenovo\Desktop\egc\tema2\lab2\Debug\link.2916-cvtres.write.1.tlog
C:\Users\lenovo\Desktop\egc\tema2\lab2\Debug\link.2916-rc.read.1.tlog
C:\Users\lenovo\Desktop\egc\tema2\lab2\Debug\link.2916-rc.write.1.tlog
C:\Users\lenovo\Desktop\egc\tema2\lab2\Debug\link.2916.read.1.tlog
C:\Users\lenovo\Desktop\egc\tema2\lab2\Debug\link.2916.write.1.tlog
C:\Users\lenovo\Desktop\egc\tema2\lab2\Debug\link.296-cvtres.read.1.tlog
C:\Users\lenovo\Desktop\egc\tema2\lab2\Debug\link.296-cvtres.write.1.tlog
C:\Users\lenovo\Desktop\egc\tema2\lab2\Debug\link.296-rc.read.1.tlog
C:\Users\lenovo\Desktop\egc\tema2\lab2\Debug\link.296-rc.write.1.tlog
C:\Users\lenovo\Desktop\egc\tema2\lab2\Debug\link.296.read.1.tlog
C:\Users\lenovo\Desktop\egc\tema2\lab2\Debug\link.296.write.1.tlog
C:\Users\lenovo\Desktop\egc\tema2\lab2\Debug\link.300-cvtres.read.1.tlog
C:\Users\lenovo\Desktop\egc\tema2\lab2\Debug\link.300-cvtres.write.1.tlog
C:\Users\lenovo\Desktop\egc\tema2\lab2\Debug\link.300-rc.read.1.tlog
C:\Users\lenovo\Desktop\egc\tema2\lab2\Debug\link.300-rc.write.1.tlog
C:\Users\lenovo\Desktop\egc\tema2\lab2\Debug\link.300.read.1.tlog
C:\Users\lenovo\Desktop\egc\tema2\lab2\Debug\link.300.write.1.tlog
C:\Users\lenovo\Desktop\egc\tema2\lab2\Debug\link.3144-cvtres.read.1.tlog
C:\Users\lenovo\Desktop\egc\tema2\lab2\Debug\link.3144-cvtres.write.1.tlog
C:\Users\lenovo\Desktop\egc\tema2\lab2\Debug\link.3144-rc.read.1.tlog
C:\Users\lenovo\Desktop\egc\tema2\lab2\Debug\link.3144-rc.write.1.tlog
C:\Users\lenovo\Desktop\egc\tema2\lab2\Debug\link.3144.read.1.tlog
C:\Users\lenovo\Desktop\egc\tema2\lab2\Debug\link.3144.write.1.tlog
C:\Users\lenovo\Desktop\egc\tema2\lab2\Debug\link.344-cvtres.read.1.tlog
C:\Users\lenovo\Desktop\egc\tema2\lab2\Debug\link.344-cvtres.write.1.tlog
C:\Users\lenovo\Desktop\egc\tema2\lab2\Debug\link.344-rc.read.1.tlog
C:\Users\lenovo\Desktop\egc\tema2\lab2\Debug\link.344-rc.write.1.tlog
C:\Users\lenovo\Desktop\egc\tema2\lab2\Debug\link.344.read.1.tlog
C:\Users\lenovo\Desktop\egc\tema2\lab2\Debug\link.344.write.1.tlog
C:\Users\lenovo\Desktop\egc\tema2\lab2\Debug\link.4784-cvtres.read.1.tlog
C:\Users\lenovo\Desktop\egc\tema2\lab2\Debug\link.4784-cvtres.write.1.tlog
C:\Users\lenovo\Desktop\egc\tema2\lab2\Debug\link.4784-rc.read.1.tlog
C:\Users\lenovo\Desktop\egc\tema2\lab2\Debug\link.4784-rc.write.1.tlog
C:\Users\lenovo\Desktop\egc\tema2\lab2\Debug\link.4784.read.1.tlog
C:\Users\lenovo\Desktop\egc\tema2\lab2\Debug\link.4784.write.1.tlog
C:\Users\lenovo\Desktop\egc\tema2\lab2\Debug\link.5584-cvtres.read.1.tlog
C:\Users\lenovo\Desktop\egc\tema2\lab2\Debug\link.5584-cvtres.write.1.tlog
C:\Users\lenovo\Desktop\egc\tema2\lab2\Debug\link.5584-rc.read.1.tlog
C:\Users\lenovo\Desktop\egc\tema2\lab2\Debug\link.5584-rc.write.1.tlog
C:\Users\lenovo\Desktop\egc\tema2\lab2\Debug\link.5584.read.1.tlog
C:\Users\lenovo\Desktop\egc\tema2\lab2\Debug\link.5584.write.1.tlog
C:\Users\lenovo\Desktop\egc\tema2\lab2\Debug\link.5708-cvtres.read.1.tlog
C:\Users\lenovo\Desktop\egc\tema2\lab2\Debug\link.5708-cvtres.write.1.tlog
C:\Users\lenovo\Desktop\egc\tema2\lab2\Debug\link.5708-rc.read.1.tlog
C:\Users\lenovo\Desktop\egc\tema2\lab2\Debug\link.5708-rc.write.1.tlog
C:\Users\lenovo\Desktop\egc\tema2\lab2\Debug\link.5708.read.1.tlog
C:\Users\lenovo\Desktop\egc\tema2\lab2\Debug\link.5708.write.1.tlog
C:\Users\lenovo\Desktop\egc\tema2\lab2\Debug\link.5756-cvtres.read.1.tlog
C:\Users\lenovo\Desktop\egc\tema2\lab2\Debug\link.5756-cvtres.write.1.tlog
C:\Users\lenovo\Desktop\egc\tema2\lab2\Debug\link.5756-rc.read.1.tlog
C:\Users\lenovo\Desktop\egc\tema2\lab2\Debug\link.5756-rc.write.1.tlog
C:\Users\lenovo\Desktop\egc\tema2\lab2\Debug\link.5756.read.1.tlog
C:\Users\lenovo\Desktop\egc\tema2\lab2\Debug\link.5756.write.1.tlog
C:\Users\lenovo\Desktop\egc\tema2\lab2\Debug\link.6340-cvtres.read.1.tlog
C:\Users\lenovo\Desktop\egc\tema2\lab2\Debug\link.6340-cvtres.write.1.tlog
C:\Users\lenovo\Desktop\egc\tema2\lab2\Debug\link.6340-rc.read.1.tlog
C:\Users\lenovo\Desktop\egc\tema2\lab2\Debug\link.6340-rc.write.1.tlog
C:\Users\lenovo\Desktop\egc\tema2\lab2\Debug\link.6340.read.1.tlog
C:\Users\lenovo\Desktop\egc\tema2\lab2\Debug\link.6340.write.1.tlog
C:\Users\lenovo\Desktop\egc\tema2\lab2\Debug\link.6400-cvtres.read.1.tlog
C:\Users\lenovo\Desktop\egc\tema2\lab2\Debug\link.6400-cvtres.write.1.tlog
C:\Users\lenovo\Desktop\egc\tema2\lab2\Debug\link.6400-rc.read.1.tlog
C:\Users\lenovo\Desktop\egc\tema2\lab2\Debug\link.6400-rc.write.1.tlog
C:\Users\lenovo\Desktop\egc\tema2\lab2\Debug\link.6400.read.1.tlog
C:\Users\lenovo\Desktop\egc\tema2\lab2\Debug\link.6400.write.1.tlog
C:\Users\lenovo\Desktop\egc\tema2\lab2\Debug\link.6516-cvtres.read.1.tlog
C:\Users\lenovo\Desktop\egc\tema2\lab2\Debug\link.6516-cvtres.write.1.tlog
C:\Users\lenovo\Desktop\egc\tema2\lab2\Debug\link.6516-rc.read.1.tlog
C:\Users\lenovo\Desktop\egc\tema2\lab2\Debug\link.6516-rc.write.1.tlog
C:\Users\lenovo\Desktop\egc\tema2\lab2\Debug\link.6516.read.1.tlog
C:\Users\lenovo\Desktop\egc\tema2\lab2\Debug\link.6516.write.1.tlog
C:\Users\lenovo\Desktop\egc\tema2\lab2\Debug\link.6776-cvtres.read.1.tlog
C:\Users\lenovo\Desktop\egc\tema2\lab2\Debug\link.6776-cvtres.write.1.tlog
C:\Users\lenovo\Desktop\egc\tema2\lab2\Debug\link.6776-rc.read.1.tlog
C:\Users\lenovo\Desktop\egc\tema2\lab2\Debug\link.6776-rc.write.1.tlog
C:\Users\lenovo\Desktop\egc\tema2\lab2\Debug\link.6776.read.1.tlog
C:\Users\lenovo\Desktop\egc\tema2\lab2\Debug\link.6776.write.1.tlog
C:\Users\lenovo\Desktop\egc\tema2\lab2\Debug\link.68-cvtres.read.1.tlog
C:\Users\lenovo\Desktop\egc\tema2\lab2\Debug\link.68-cvtres.write.1.tlog
C:\Users\lenovo\Desktop\egc\tema2\lab2\Debug\link.68-rc.read.1.tlog
C:\Users\lenovo\Desktop\egc\tema2\lab2\Debug\link.68-rc.write.1.tlog
C:\Users\lenovo\Desktop\egc\tema2\lab2\Debug\link.68.read.1.tlog
C:\Users\lenovo\Desktop\egc\tema2\lab2\Debug\link.68.write.1.tlog
C:\Users\lenovo\Desktop\egc\tema2\lab2\Debug\link.6992-cvtres.read.1.tlog
C:\Users\lenovo\Desktop\egc\tema2\lab2\Debug\link.6992-cvtres.write.1.tlog
C:\Users\lenovo\Desktop\egc\tema2\lab2\Debug\link.6992-rc.read.1.tlog
C:\Users\lenovo\Desktop\egc\tema2\lab2\Debug\link.6992-rc.write.1.tlog
C:\Users\lenovo\Desktop\egc\tema2\lab2\Debug\link.6992.read.1.tlog
C:\Users\lenovo\Desktop\egc\tema2\lab2\Debug\link.6992.write.1.tlog
C:\Users\lenovo\Desktop\egc\tema2\lab2\Debug\link.7376-cvtres.read.1.tlog
C:\Users\lenovo\Desktop\egc\tema2\lab2\Debug\link.7376-cvtres.write.1.tlog
C:\Users\lenovo\Desktop\egc\tema2\lab2\Debug\link.7376-rc.read.1.tlog
C:\Users\lenovo\Desktop\egc\tema2\lab2\Debug\link.7376-rc.write.1.tlog
C:\Users\lenovo\Desktop\egc\tema2\lab2\Debug\link.7376.read.1.tlog
C:\Users\lenovo\Desktop\egc\tema2\lab2\Debug\link.7376.write.1.tlog
C:\Users\lenovo\Desktop\egc\tema2\lab2\Debug\link.7408-cvtres.read.1.tlog
C:\Users\lenovo\Desktop\egc\tema2\lab2\Debug\link.7408-cvtres.write.1.tlog
C:\Users\lenovo\Desktop\egc\tema2\lab2\Debug\link.7408-rc.read.1.tlog
C:\Users\lenovo\Desktop\egc\tema2\lab2\Debug\link.7408-rc.write.1.tlog
C:\Users\lenovo\Desktop\egc\tema2\lab2\Debug\link.7408.read.1.tlog
C:\Users\lenovo\Desktop\egc\tema2\lab2\Debug\link.7408.write.1.tlog
C:\Users\lenovo\Desktop\egc\tema2\lab2\Debug\link.7476-cvtres.read.1.tlog
C:\Users\lenovo\Desktop\egc\tema2\lab2\Debug\link.7476-cvtres.write.1.tlog
C:\Users\lenovo\Desktop\egc\tema2\lab2\Debug\link.7476-rc.read.1.tlog
C:\Users\lenovo\Desktop\egc\tema2\lab2\Debug\link.7476-rc.write.1.tlog
C:\Users\lenovo\Desktop\egc\tema2\lab2\Debug\link.7476.read.1.tlog
C:\Users\lenovo\Desktop\egc\tema2\lab2\Debug\link.7476.write.1.tlog
C:\Users\lenovo\Desktop\egc\tema2\lab2\Debug\link.828-cvtres.read.1.tlog
C:\Users\lenovo\Desktop\egc\tema2\lab2\Debug\link.828-cvtres.write.1.tlog
C:\Users\lenovo\Desktop\egc\tema2\lab2\Debug\link.828-rc.read.1.tlog
C:\Users\lenovo\Desktop\egc\tema2\lab2\Debug\link.828-rc.write.1.tlog
C:\Users\lenovo\Desktop\egc\tema2\lab2\Debug\link.828.read.1.tlog
C:\Users\lenovo\Desktop\egc\tema2\lab2\Debug\link.828.write.1.tlog
C:\Users\lenovo\Desktop\egc\tema2\lab2\Debug\link.8416-cvtres.read.1.tlog
C:\Users\lenovo\Desktop\egc\tema2\lab2\Debug\link.8416-cvtres.write.1.tlog
C:\Users\lenovo\Desktop\egc\tema2\lab2\Debug\link.8416-rc.read.1.tlog
C:\Users\lenovo\Desktop\egc\tema2\lab2\Debug\link.8416-rc.write.1.tlog
C:\Users\lenovo\Desktop\egc\tema2\lab2\Debug\link.8416.read.1.tlog
C:\Users\lenovo\Desktop\egc\tema2\lab2\Debug\link.8416.write.1.tlog
C:\Users\lenovo\Desktop\egc\tema2\lab2\Debug\link.8696-cvtres.read.1.tlog
C:\Users\lenovo\Desktop\egc\tema2\lab2\Debug\link.8696-cvtres.write.1.tlog
C:\Users\lenovo\Desktop\egc\tema2\lab2\Debug\link.8696-rc.read.1.tlog
C:\Users\lenovo\Desktop\egc\tema2\lab2\Debug\link.8696-rc.write.1.tlog
C:\Users\lenovo\Desktop\egc\tema2\lab2\Debug\link.8696.read.1.tlog
C:\Users\lenovo\Desktop\egc\tema2\lab2\Debug\link.8696.write.1.tlog
C:\Users\lenovo\Desktop\egc\tema2\lab2\Debug\link.8912-cvtres.read.1.tlog
C:\Users\lenovo\Desktop\egc\tema2\lab2\Debug\link.8912-cvtres.write.1.tlog
C:\Users\lenovo\Desktop\egc\tema2\lab2\Debug\link.8912-rc.read.1.tlog
C:\Users\lenovo\Desktop\egc\tema2\lab2\Debug\link.8912-rc.write.1.tlog
C:\Users\lenovo\Desktop\egc\tema2\lab2\Debug\link.8912.read.1.tlog
C:\Users\lenovo\Desktop\egc\tema2\lab2\Debug\link.8912.write.1.tlog
C:\Users\lenovo\Desktop\egc\tema2\lab2\Debug\link.9208-cvtres.read.1.tlog
C:\Users\lenovo\Desktop\egc\tema2\lab2\Debug\link.9208-cvtres.write.1.tlog
C:\Users\lenovo\Desktop\egc\tema2\lab2\Debug\link.9208-rc.read.1.tlog
C:\Users\lenovo\Desktop\egc\tema2\lab2\Debug\link.9208-rc.write.1.tlog
C:\Users\lenovo\Desktop\egc\tema2\lab2\Debug\link.9208.read.1.tlog
C:\Users\lenovo\Desktop\egc\tema2\lab2\Debug\link.9208.write.1.tlog
C:\Users\lenovo\Desktop\egc\tema2\lab2\Debug\link.9212-cvtres.read.1.tlog
C:\Users\lenovo\Desktop\egc\tema2\lab2\Debug\link.9212-cvtres.write.1.tlog
C:\Users\lenovo\Desktop\egc\tema2\lab2\Debug\link.9212-rc.read.1.tlog
C:\Users\lenovo\Desktop\egc\tema2\lab2\Debug\link.9212-rc.write.1.tlog
C:\Users\lenovo\Desktop\egc\tema2\lab2\Debug\link.9212.read.1.tlog
C:\Users\lenovo\Desktop\egc\tema2\lab2\Debug\link.9212.write.1.tlog
C:\Users\lenovo\Desktop\egc\tema2\lab2\Debug\link.9384-cvtres.read.1.tlog
C:\Users\lenovo\Desktop\egc\tema2\lab2\Debug\link.9384-cvtres.write.1.tlog
C:\Users\lenovo\Desktop\egc\tema2\lab2\Debug\link.9384-rc.read.1.tlog
C:\Users\lenovo\Desktop\egc\tema2\lab2\Debug\link.9384-rc.write.1.tlog
C:\Users\lenovo\Desktop\egc\tema2\lab2\Debug\link.9384.read.1.tlog
C:\Users\lenovo\Desktop\egc\tema2\lab2\Debug\link.9384.write.1.tlog
C:\Users\lenovo\Desktop\egc\tema2\lab2\Debug\link.9648-cvtres.read.1.tlog
C:\Users\lenovo\Desktop\egc\tema2\lab2\Debug\link.9648-cvtres.write.1.tlog
C:\Users\lenovo\Desktop\egc\tema2\lab2\Debug\link.9648-rc.read.1.tlog
C:\Users\lenovo\Desktop\egc\tema2\lab2\Debug\link.9648-rc.write.1.tlog
C:\Users\lenovo\Desktop\egc\tema2\lab2\Debug\link.9648.read.1.tlog
C:\Users\lenovo\Desktop\egc\tema2\lab2\Debug\link.9648.write.1.tlog
C:\Users\lenovo\Desktop\egc\tema2\lab2\Debug\link.command.1.tlog
C:\Users\lenovo\Desktop\egc\tema2\lab2\Debug\link.read.1.tlog
C:\Users\lenovo\Desktop\egc\tema2\lab2\Debug\link.write.1.tlog
C:\Users\lenovo\Desktop\egc\tema2\lab2\Debug\vc110.idb
C:\Users\lenovo\Desktop\egc\tema2\lab2\Debug\vc110.pdb
C:\Users\lenovo\Desktop\egc\tema2\Debug\lab2.pdb
C:\Users\lenovo\Desktop\egc\tema2\Debug\lab2.exe
C:\Users\lenovo\Desktop\egc\tema2\Debug\lab2.ilk
