C:\USERS\LENOVO\DESKTOP\EGC\TEMA2\LAB2\RELEASE\PHYSICSENGINE.OBJ
C:\USERS\LENOVO\DESKTOP\EGC\TEMA2\LAB2\RELEASE\MAIN.OBJ
C:\USERS\LENOVO\DESKTOP\EGC\TEMA2\LAB2\RELEASE\OBSTACLE.OBJ
C:\USERS\LENOVO\DESKTOP\EGC\TEMA2\LAB2\RELEASE\WHEEL.OBJ
C:\USERS\LENOVO\DESKTOP\EGC\TEMA2\LAB2\RELEASE\UNITCUBE.OBJ
C:\USERS\LENOVO\DESKTOP\EGC\TEMA2\LAB2\RELEASE\ROADSTRIPES.OBJ
C:\USERS\LENOVO\DESKTOP\EGC\TEMA2\LAB2\RELEASE\ROAD.OBJ
C:\USERS\LENOVO\DESKTOP\EGC\TEMA2\LAB2\RELEASE\POWERUP.OBJ
C:\USERS\LENOVO\DESKTOP\EGC\TEMA2\LAB2\RELEASE\PLAYER.OBJ
C:\USERS\LENOVO\DESKTOP\EGC\TEMA2\LAB2\RELEASE\MOVABLE.OBJ
C:\USERS\LENOVO\DESKTOP\EGC\TEMA2\LAB2\RELEASE\TRANSFORM3D.OBJ
C:\USERS\LENOVO\DESKTOP\EGC\TEMA2\LAB2\RELEASE\DRAWINGWINDOW.OBJ
C:\USERS\LENOVO\DESKTOP\EGC\TEMA2\LAB2\RELEASE\ENEMY.OBJ
C:\USERS\LENOVO\DESKTOP\EGC\TEMA2\LAB2\RELEASE\CAR.OBJ
C:\USERS\LENOVO\DESKTOP\EGC\TEMA2\LAB2\RELEASE\PHYSICSPROPERTIES.OBJ
C:\USERS\LENOVO\DESKTOP\EGC\TEMA2\LAB2\RELEASE\VISUAL2D.OBJ
C:\USERS\LENOVO\DESKTOP\EGC\TEMA2\LAB2\RELEASE\TRANSFORM2D.OBJ
C:\USERS\LENOVO\DESKTOP\EGC\TEMA2\LAB2\RELEASE\VC110.PDB
C:\USERS\LENOVO\DESKTOP\EGC\TEMA2\RELEASE\CARS.EXE
C:\USERS\LENOVO\DESKTOP\EGC\TEMA2\RELEASE\CARS.PDB
C:\Users\lenovo\Desktop\Tema2 Crazy Driver\lab2\Release\Car.obj
C:\Users\lenovo\Desktop\Tema2 Crazy Driver\lab2\Release\DrawingWindow.obj
C:\Users\lenovo\Desktop\Tema2 Crazy Driver\lab2\Release\Enemy.obj
C:\Users\lenovo\Desktop\Tema2 Crazy Driver\lab2\Release\main.obj
C:\Users\lenovo\Desktop\Tema2 Crazy Driver\lab2\Release\Movable.obj
C:\Users\lenovo\Desktop\Tema2 Crazy Driver\lab2\Release\Obstacle.obj
C:\Users\lenovo\Desktop\Tema2 Crazy Driver\lab2\Release\PhysicsEngine.obj
C:\Users\lenovo\Desktop\Tema2 Crazy Driver\lab2\Release\PhysicsProperties.obj
C:\Users\lenovo\Desktop\Tema2 Crazy Driver\lab2\Release\Player.obj
C:\Users\lenovo\Desktop\Tema2 Crazy Driver\lab2\Release\PowerUp.obj
C:\Users\lenovo\Desktop\Tema2 Crazy Driver\lab2\Release\Road.obj
C:\Users\lenovo\Desktop\Tema2 Crazy Driver\lab2\Release\RoadStripes.obj
C:\Users\lenovo\Desktop\Tema2 Crazy Driver\lab2\Release\Transform2D.obj
C:\Users\lenovo\Desktop\Tema2 Crazy Driver\lab2\Release\Transform3D.obj
C:\Users\lenovo\Desktop\Tema2 Crazy Driver\lab2\Release\UnitCube.obj
C:\Users\lenovo\Desktop\Tema2 Crazy Driver\lab2\Release\Visual2D.obj
C:\Users\lenovo\Desktop\Tema2 Crazy Driver\lab2\Release\Wheel.obj
C:\Users\lenovo\Desktop\Tema2 Crazy Driver\lab2\Release\cl.command.1.tlog
C:\Users\lenovo\Desktop\Tema2 Crazy Driver\lab2\Release\CL.read.1.tlog
C:\Users\lenovo\Desktop\Tema2 Crazy Driver\lab2\Release\CL.write.1.tlog
C:\Users\lenovo\Desktop\Tema2 Crazy Driver\lab2\Release\link-cvtres.read.1.tlog
C:\Users\lenovo\Desktop\Tema2 Crazy Driver\lab2\Release\link-cvtres.write.1.tlog
C:\Users\lenovo\Desktop\Tema2 Crazy Driver\lab2\Release\link-rc.read.1.tlog
C:\Users\lenovo\Desktop\Tema2 Crazy Driver\lab2\Release\link-rc.write.1.tlog
C:\Users\lenovo\Desktop\Tema2 Crazy Driver\lab2\Release\link.command.1.tlog
C:\Users\lenovo\Desktop\Tema2 Crazy Driver\lab2\Release\link.read.1.tlog
C:\Users\lenovo\Desktop\Tema2 Crazy Driver\lab2\Release\link.write.1.tlog
C:\Users\lenovo\Desktop\Tema2 Crazy Driver\lab2\Release\vc110.pdb
C:\Users\lenovo\Desktop\Tema2 Crazy Driver\Release\Cars.pdb
C:\Users\lenovo\Desktop\Tema2 Crazy Driver\Release\Cars.exe
