C:\USERS\LENOVO\DESKTOP\EGC\SLEEPINGBEAUTY\DEBUG\MAIN.OBJ
C:\USERS\LENOVO\DESKTOP\EGC\SLEEPINGBEAUTY\DEBUG\VC110.PDB
C:\USERS\LENOVO\DESKTOP\TEMA4\SLEEPINGBEAUTY\DEBUG\MAIN.OBJ
C:\USERS\LENOVO\DESKTOP\TEMA4\SLEEPINGBEAUTY\DEBUG\VC110.PDB
C:\USERS\LENOVO\DESKTOP\EGC\SLEEPINGBEAUTY\DEBUG\SLEEPINGBEAUTY.ILK
C:\USERS\LENOVO\DESKTOP\EGC\SLEEPINGBEAUTY\DEBUG\SLEEPINGBEAUTY.EXE
C:\USERS\LENOVO\DESKTOP\EGC\SLEEPINGBEAUTY\DEBUG\SLEEPINGBEAUTY.PDB
C:\USERS\LENOVO\DESKTOP\TEMA4\SLEEPINGBEAUTY\DEBUG\SLEEPINGBEAUTY.ILK
C:\USERS\LENOVO\DESKTOP\TEMA4\SLEEPINGBEAUTY\DEBUG\SLEEPINGBEAUTY.EXE
C:\USERS\LENOVO\DESKTOP\TEMA4\SLEEPINGBEAUTY\DEBUG\SLEEPINGBEAUTY.PDB
C:\Users\lenovo\Desktop\tema4\SleepingBeauty\Debug\main.obj
C:\Users\lenovo\Desktop\tema4\SleepingBeauty\Debug\lab_gl_4.ilk
C:\Users\lenovo\Desktop\tema4\SleepingBeauty\Debug\SleepingBeauty.ilk
C:\Users\lenovo\Desktop\tema4\SleepingBeauty\Debug\cl.command.1.tlog
C:\Users\lenovo\Desktop\tema4\SleepingBeauty\Debug\CL.read.1.tlog
C:\Users\lenovo\Desktop\tema4\SleepingBeauty\Debug\CL.write.1.tlog
C:\Users\lenovo\Desktop\tema4\SleepingBeauty\Debug\link-cvtres.read.1.tlog
C:\Users\lenovo\Desktop\tema4\SleepingBeauty\Debug\link-cvtres.write.1.tlog
C:\Users\lenovo\Desktop\tema4\SleepingBeauty\Debug\link-rc.read.1.tlog
C:\Users\lenovo\Desktop\tema4\SleepingBeauty\Debug\link-rc.write.1.tlog
C:\Users\lenovo\Desktop\tema4\SleepingBeauty\Debug\link.10084-cvtres.read.1.tlog
C:\Users\lenovo\Desktop\tema4\SleepingBeauty\Debug\link.10084-cvtres.write.1.tlog
C:\Users\lenovo\Desktop\tema4\SleepingBeauty\Debug\link.10084-rc.read.1.tlog
C:\Users\lenovo\Desktop\tema4\SleepingBeauty\Debug\link.10084-rc.write.1.tlog
C:\Users\lenovo\Desktop\tema4\SleepingBeauty\Debug\link.10084.read.1.tlog
C:\Users\lenovo\Desktop\tema4\SleepingBeauty\Debug\link.10084.write.1.tlog
C:\Users\lenovo\Desktop\tema4\SleepingBeauty\Debug\link.10176-cvtres.read.1.tlog
C:\Users\lenovo\Desktop\tema4\SleepingBeauty\Debug\link.10176-cvtres.write.1.tlog
C:\Users\lenovo\Desktop\tema4\SleepingBeauty\Debug\link.10176-rc.read.1.tlog
C:\Users\lenovo\Desktop\tema4\SleepingBeauty\Debug\link.10176-rc.write.1.tlog
C:\Users\lenovo\Desktop\tema4\SleepingBeauty\Debug\link.10176.read.1.tlog
C:\Users\lenovo\Desktop\tema4\SleepingBeauty\Debug\link.10176.write.1.tlog
C:\Users\lenovo\Desktop\tema4\SleepingBeauty\Debug\link.10276-cvtres.read.1.tlog
C:\Users\lenovo\Desktop\tema4\SleepingBeauty\Debug\link.10276-cvtres.write.1.tlog
C:\Users\lenovo\Desktop\tema4\SleepingBeauty\Debug\link.10276-rc.read.1.tlog
C:\Users\lenovo\Desktop\tema4\SleepingBeauty\Debug\link.10276-rc.write.1.tlog
C:\Users\lenovo\Desktop\tema4\SleepingBeauty\Debug\link.10276.read.1.tlog
C:\Users\lenovo\Desktop\tema4\SleepingBeauty\Debug\link.10276.write.1.tlog
C:\Users\lenovo\Desktop\tema4\SleepingBeauty\Debug\link.10448-cvtres.read.1.tlog
C:\Users\lenovo\Desktop\tema4\SleepingBeauty\Debug\link.10448-cvtres.write.1.tlog
C:\Users\lenovo\Desktop\tema4\SleepingBeauty\Debug\link.10448-rc.read.1.tlog
C:\Users\lenovo\Desktop\tema4\SleepingBeauty\Debug\link.10448-rc.write.1.tlog
C:\Users\lenovo\Desktop\tema4\SleepingBeauty\Debug\link.10448.read.1.tlog
C:\Users\lenovo\Desktop\tema4\SleepingBeauty\Debug\link.10448.write.1.tlog
C:\Users\lenovo\Desktop\tema4\SleepingBeauty\Debug\link.10568-cvtres.read.1.tlog
C:\Users\lenovo\Desktop\tema4\SleepingBeauty\Debug\link.10568-cvtres.write.1.tlog
C:\Users\lenovo\Desktop\tema4\SleepingBeauty\Debug\link.10568-rc.read.1.tlog
C:\Users\lenovo\Desktop\tema4\SleepingBeauty\Debug\link.10568-rc.write.1.tlog
C:\Users\lenovo\Desktop\tema4\SleepingBeauty\Debug\link.10568.read.1.tlog
C:\Users\lenovo\Desktop\tema4\SleepingBeauty\Debug\link.10568.write.1.tlog
C:\Users\lenovo\Desktop\tema4\SleepingBeauty\Debug\link.10608-cvtres.read.1.tlog
C:\Users\lenovo\Desktop\tema4\SleepingBeauty\Debug\link.10608-cvtres.write.1.tlog
C:\Users\lenovo\Desktop\tema4\SleepingBeauty\Debug\link.10608-rc.read.1.tlog
C:\Users\lenovo\Desktop\tema4\SleepingBeauty\Debug\link.10608-rc.write.1.tlog
C:\Users\lenovo\Desktop\tema4\SleepingBeauty\Debug\link.10608.read.1.tlog
C:\Users\lenovo\Desktop\tema4\SleepingBeauty\Debug\link.10608.write.1.tlog
C:\Users\lenovo\Desktop\tema4\SleepingBeauty\Debug\link.10740-cvtres.read.1.tlog
C:\Users\lenovo\Desktop\tema4\SleepingBeauty\Debug\link.10740-cvtres.write.1.tlog
C:\Users\lenovo\Desktop\tema4\SleepingBeauty\Debug\link.10740-rc.read.1.tlog
C:\Users\lenovo\Desktop\tema4\SleepingBeauty\Debug\link.10740-rc.write.1.tlog
C:\Users\lenovo\Desktop\tema4\SleepingBeauty\Debug\link.10740.read.1.tlog
C:\Users\lenovo\Desktop\tema4\SleepingBeauty\Debug\link.10740.write.1.tlog
C:\Users\lenovo\Desktop\tema4\SleepingBeauty\Debug\link.11224-cvtres.read.1.tlog
C:\Users\lenovo\Desktop\tema4\SleepingBeauty\Debug\link.11224-cvtres.write.1.tlog
C:\Users\lenovo\Desktop\tema4\SleepingBeauty\Debug\link.11224-rc.read.1.tlog
C:\Users\lenovo\Desktop\tema4\SleepingBeauty\Debug\link.11224-rc.write.1.tlog
C:\Users\lenovo\Desktop\tema4\SleepingBeauty\Debug\link.11224.read.1.tlog
C:\Users\lenovo\Desktop\tema4\SleepingBeauty\Debug\link.11224.write.1.tlog
C:\Users\lenovo\Desktop\tema4\SleepingBeauty\Debug\link.11240-cvtres.read.1.tlog
C:\Users\lenovo\Desktop\tema4\SleepingBeauty\Debug\link.11240-cvtres.write.1.tlog
C:\Users\lenovo\Desktop\tema4\SleepingBeauty\Debug\link.11240-rc.read.1.tlog
C:\Users\lenovo\Desktop\tema4\SleepingBeauty\Debug\link.11240-rc.write.1.tlog
C:\Users\lenovo\Desktop\tema4\SleepingBeauty\Debug\link.11240.read.1.tlog
C:\Users\lenovo\Desktop\tema4\SleepingBeauty\Debug\link.11240.write.1.tlog
C:\Users\lenovo\Desktop\tema4\SleepingBeauty\Debug\link.11324-cvtres.read.1.tlog
C:\Users\lenovo\Desktop\tema4\SleepingBeauty\Debug\link.11324-cvtres.write.1.tlog
C:\Users\lenovo\Desktop\tema4\SleepingBeauty\Debug\link.11324-rc.read.1.tlog
C:\Users\lenovo\Desktop\tema4\SleepingBeauty\Debug\link.11324-rc.write.1.tlog
C:\Users\lenovo\Desktop\tema4\SleepingBeauty\Debug\link.11324.read.1.tlog
C:\Users\lenovo\Desktop\tema4\SleepingBeauty\Debug\link.11324.write.1.tlog
C:\Users\lenovo\Desktop\tema4\SleepingBeauty\Debug\link.11400-cvtres.read.1.tlog
C:\Users\lenovo\Desktop\tema4\SleepingBeauty\Debug\link.11400-cvtres.write.1.tlog
C:\Users\lenovo\Desktop\tema4\SleepingBeauty\Debug\link.11400-rc.read.1.tlog
C:\Users\lenovo\Desktop\tema4\SleepingBeauty\Debug\link.11400-rc.write.1.tlog
C:\Users\lenovo\Desktop\tema4\SleepingBeauty\Debug\link.11400.read.1.tlog
C:\Users\lenovo\Desktop\tema4\SleepingBeauty\Debug\link.11400.write.1.tlog
C:\Users\lenovo\Desktop\tema4\SleepingBeauty\Debug\link.11660-cvtres.read.1.tlog
C:\Users\lenovo\Desktop\tema4\SleepingBeauty\Debug\link.11660-cvtres.write.1.tlog
C:\Users\lenovo\Desktop\tema4\SleepingBeauty\Debug\link.11660-rc.read.1.tlog
C:\Users\lenovo\Desktop\tema4\SleepingBeauty\Debug\link.11660-rc.write.1.tlog
C:\Users\lenovo\Desktop\tema4\SleepingBeauty\Debug\link.11660.read.1.tlog
C:\Users\lenovo\Desktop\tema4\SleepingBeauty\Debug\link.11660.write.1.tlog
C:\Users\lenovo\Desktop\tema4\SleepingBeauty\Debug\link.12120-cvtres.read.1.tlog
C:\Users\lenovo\Desktop\tema4\SleepingBeauty\Debug\link.12120-cvtres.write.1.tlog
C:\Users\lenovo\Desktop\tema4\SleepingBeauty\Debug\link.12120-rc.read.1.tlog
C:\Users\lenovo\Desktop\tema4\SleepingBeauty\Debug\link.12120-rc.write.1.tlog
C:\Users\lenovo\Desktop\tema4\SleepingBeauty\Debug\link.12120.read.1.tlog
C:\Users\lenovo\Desktop\tema4\SleepingBeauty\Debug\link.12120.write.1.tlog
C:\Users\lenovo\Desktop\tema4\SleepingBeauty\Debug\link.12244-cvtres.read.1.tlog
C:\Users\lenovo\Desktop\tema4\SleepingBeauty\Debug\link.12244-cvtres.write.1.tlog
C:\Users\lenovo\Desktop\tema4\SleepingBeauty\Debug\link.12244-rc.read.1.tlog
C:\Users\lenovo\Desktop\tema4\SleepingBeauty\Debug\link.12244-rc.write.1.tlog
C:\Users\lenovo\Desktop\tema4\SleepingBeauty\Debug\link.12244.read.1.tlog
C:\Users\lenovo\Desktop\tema4\SleepingBeauty\Debug\link.12244.write.1.tlog
C:\Users\lenovo\Desktop\tema4\SleepingBeauty\Debug\link.12524-cvtres.read.1.tlog
C:\Users\lenovo\Desktop\tema4\SleepingBeauty\Debug\link.12524-cvtres.write.1.tlog
C:\Users\lenovo\Desktop\tema4\SleepingBeauty\Debug\link.12524-rc.read.1.tlog
C:\Users\lenovo\Desktop\tema4\SleepingBeauty\Debug\link.12524-rc.write.1.tlog
C:\Users\lenovo\Desktop\tema4\SleepingBeauty\Debug\link.12524.read.1.tlog
C:\Users\lenovo\Desktop\tema4\SleepingBeauty\Debug\link.12524.write.1.tlog
C:\Users\lenovo\Desktop\tema4\SleepingBeauty\Debug\link.12608-cvtres.read.1.tlog
C:\Users\lenovo\Desktop\tema4\SleepingBeauty\Debug\link.12608-cvtres.write.1.tlog
C:\Users\lenovo\Desktop\tema4\SleepingBeauty\Debug\link.12608-rc.read.1.tlog
C:\Users\lenovo\Desktop\tema4\SleepingBeauty\Debug\link.12608-rc.write.1.tlog
C:\Users\lenovo\Desktop\tema4\SleepingBeauty\Debug\link.12608.read.1.tlog
C:\Users\lenovo\Desktop\tema4\SleepingBeauty\Debug\link.12608.write.1.tlog
C:\Users\lenovo\Desktop\tema4\SleepingBeauty\Debug\link.12852-cvtres.read.1.tlog
C:\Users\lenovo\Desktop\tema4\SleepingBeauty\Debug\link.12852-cvtres.write.1.tlog
C:\Users\lenovo\Desktop\tema4\SleepingBeauty\Debug\link.12852-rc.read.1.tlog
C:\Users\lenovo\Desktop\tema4\SleepingBeauty\Debug\link.12852-rc.write.1.tlog
C:\Users\lenovo\Desktop\tema4\SleepingBeauty\Debug\link.12852.read.1.tlog
C:\Users\lenovo\Desktop\tema4\SleepingBeauty\Debug\link.12852.write.1.tlog
C:\Users\lenovo\Desktop\tema4\SleepingBeauty\Debug\link.13020-cvtres.read.1.tlog
C:\Users\lenovo\Desktop\tema4\SleepingBeauty\Debug\link.13020-cvtres.write.1.tlog
C:\Users\lenovo\Desktop\tema4\SleepingBeauty\Debug\link.13020-rc.read.1.tlog
C:\Users\lenovo\Desktop\tema4\SleepingBeauty\Debug\link.13020-rc.write.1.tlog
C:\Users\lenovo\Desktop\tema4\SleepingBeauty\Debug\link.13020.read.1.tlog
C:\Users\lenovo\Desktop\tema4\SleepingBeauty\Debug\link.13020.write.1.tlog
C:\Users\lenovo\Desktop\tema4\SleepingBeauty\Debug\link.13244-cvtres.read.1.tlog
C:\Users\lenovo\Desktop\tema4\SleepingBeauty\Debug\link.13244-cvtres.write.1.tlog
C:\Users\lenovo\Desktop\tema4\SleepingBeauty\Debug\link.13244-rc.read.1.tlog
C:\Users\lenovo\Desktop\tema4\SleepingBeauty\Debug\link.13244-rc.write.1.tlog
C:\Users\lenovo\Desktop\tema4\SleepingBeauty\Debug\link.13244.read.1.tlog
C:\Users\lenovo\Desktop\tema4\SleepingBeauty\Debug\link.13244.write.1.tlog
C:\Users\lenovo\Desktop\tema4\SleepingBeauty\Debug\link.13408-cvtres.read.1.tlog
C:\Users\lenovo\Desktop\tema4\SleepingBeauty\Debug\link.13408-cvtres.write.1.tlog
C:\Users\lenovo\Desktop\tema4\SleepingBeauty\Debug\link.13408-rc.read.1.tlog
C:\Users\lenovo\Desktop\tema4\SleepingBeauty\Debug\link.13408-rc.write.1.tlog
C:\Users\lenovo\Desktop\tema4\SleepingBeauty\Debug\link.13408.read.1.tlog
C:\Users\lenovo\Desktop\tema4\SleepingBeauty\Debug\link.13408.write.1.tlog
C:\Users\lenovo\Desktop\tema4\SleepingBeauty\Debug\link.13740-cvtres.read.1.tlog
C:\Users\lenovo\Desktop\tema4\SleepingBeauty\Debug\link.13740-cvtres.write.1.tlog
C:\Users\lenovo\Desktop\tema4\SleepingBeauty\Debug\link.13740-rc.read.1.tlog
C:\Users\lenovo\Desktop\tema4\SleepingBeauty\Debug\link.13740-rc.write.1.tlog
C:\Users\lenovo\Desktop\tema4\SleepingBeauty\Debug\link.13740.read.1.tlog
C:\Users\lenovo\Desktop\tema4\SleepingBeauty\Debug\link.13740.write.1.tlog
C:\Users\lenovo\Desktop\tema4\SleepingBeauty\Debug\link.14072-cvtres.read.1.tlog
C:\Users\lenovo\Desktop\tema4\SleepingBeauty\Debug\link.14072-cvtres.write.1.tlog
C:\Users\lenovo\Desktop\tema4\SleepingBeauty\Debug\link.14072-rc.read.1.tlog
C:\Users\lenovo\Desktop\tema4\SleepingBeauty\Debug\link.14072-rc.write.1.tlog
C:\Users\lenovo\Desktop\tema4\SleepingBeauty\Debug\link.14072.read.1.tlog
C:\Users\lenovo\Desktop\tema4\SleepingBeauty\Debug\link.14072.write.1.tlog
C:\Users\lenovo\Desktop\tema4\SleepingBeauty\Debug\link.14308-cvtres.read.1.tlog
C:\Users\lenovo\Desktop\tema4\SleepingBeauty\Debug\link.14308-cvtres.write.1.tlog
C:\Users\lenovo\Desktop\tema4\SleepingBeauty\Debug\link.14308-rc.read.1.tlog
C:\Users\lenovo\Desktop\tema4\SleepingBeauty\Debug\link.14308-rc.write.1.tlog
C:\Users\lenovo\Desktop\tema4\SleepingBeauty\Debug\link.14308.read.1.tlog
C:\Users\lenovo\Desktop\tema4\SleepingBeauty\Debug\link.14308.write.1.tlog
C:\Users\lenovo\Desktop\tema4\SleepingBeauty\Debug\link.14324-cvtres.read.1.tlog
C:\Users\lenovo\Desktop\tema4\SleepingBeauty\Debug\link.14324-cvtres.write.1.tlog
C:\Users\lenovo\Desktop\tema4\SleepingBeauty\Debug\link.14324-rc.read.1.tlog
C:\Users\lenovo\Desktop\tema4\SleepingBeauty\Debug\link.14324-rc.write.1.tlog
C:\Users\lenovo\Desktop\tema4\SleepingBeauty\Debug\link.14324.read.1.tlog
C:\Users\lenovo\Desktop\tema4\SleepingBeauty\Debug\link.14324.write.1.tlog
C:\Users\lenovo\Desktop\tema4\SleepingBeauty\Debug\link.14816-cvtres.read.1.tlog
C:\Users\lenovo\Desktop\tema4\SleepingBeauty\Debug\link.14816-cvtres.write.1.tlog
C:\Users\lenovo\Desktop\tema4\SleepingBeauty\Debug\link.14816-rc.read.1.tlog
C:\Users\lenovo\Desktop\tema4\SleepingBeauty\Debug\link.14816-rc.write.1.tlog
C:\Users\lenovo\Desktop\tema4\SleepingBeauty\Debug\link.14816.read.1.tlog
C:\Users\lenovo\Desktop\tema4\SleepingBeauty\Debug\link.14816.write.1.tlog
C:\Users\lenovo\Desktop\tema4\SleepingBeauty\Debug\link.14900-cvtres.read.1.tlog
C:\Users\lenovo\Desktop\tema4\SleepingBeauty\Debug\link.14900-cvtres.write.1.tlog
C:\Users\lenovo\Desktop\tema4\SleepingBeauty\Debug\link.14900-rc.read.1.tlog
C:\Users\lenovo\Desktop\tema4\SleepingBeauty\Debug\link.14900-rc.write.1.tlog
C:\Users\lenovo\Desktop\tema4\SleepingBeauty\Debug\link.14900.read.1.tlog
C:\Users\lenovo\Desktop\tema4\SleepingBeauty\Debug\link.14900.write.1.tlog
C:\Users\lenovo\Desktop\tema4\SleepingBeauty\Debug\link.14920-cvtres.read.1.tlog
C:\Users\lenovo\Desktop\tema4\SleepingBeauty\Debug\link.14920-cvtres.write.1.tlog
C:\Users\lenovo\Desktop\tema4\SleepingBeauty\Debug\link.14920-rc.read.1.tlog
C:\Users\lenovo\Desktop\tema4\SleepingBeauty\Debug\link.14920-rc.write.1.tlog
C:\Users\lenovo\Desktop\tema4\SleepingBeauty\Debug\link.14920.read.1.tlog
C:\Users\lenovo\Desktop\tema4\SleepingBeauty\Debug\link.14920.write.1.tlog
C:\Users\lenovo\Desktop\tema4\SleepingBeauty\Debug\link.15036-cvtres.read.1.tlog
C:\Users\lenovo\Desktop\tema4\SleepingBeauty\Debug\link.15036-cvtres.write.1.tlog
C:\Users\lenovo\Desktop\tema4\SleepingBeauty\Debug\link.15036-rc.read.1.tlog
C:\Users\lenovo\Desktop\tema4\SleepingBeauty\Debug\link.15036-rc.write.1.tlog
C:\Users\lenovo\Desktop\tema4\SleepingBeauty\Debug\link.15036.read.1.tlog
C:\Users\lenovo\Desktop\tema4\SleepingBeauty\Debug\link.15036.write.1.tlog
C:\Users\lenovo\Desktop\tema4\SleepingBeauty\Debug\link.1992-cvtres.read.1.tlog
C:\Users\lenovo\Desktop\tema4\SleepingBeauty\Debug\link.1992-cvtres.write.1.tlog
C:\Users\lenovo\Desktop\tema4\SleepingBeauty\Debug\link.1992-rc.read.1.tlog
C:\Users\lenovo\Desktop\tema4\SleepingBeauty\Debug\link.1992-rc.write.1.tlog
C:\Users\lenovo\Desktop\tema4\SleepingBeauty\Debug\link.1992.read.1.tlog
C:\Users\lenovo\Desktop\tema4\SleepingBeauty\Debug\link.1992.write.1.tlog
C:\Users\lenovo\Desktop\tema4\SleepingBeauty\Debug\link.2336-cvtres.read.1.tlog
C:\Users\lenovo\Desktop\tema4\SleepingBeauty\Debug\link.2336-cvtres.write.1.tlog
C:\Users\lenovo\Desktop\tema4\SleepingBeauty\Debug\link.2336-rc.read.1.tlog
C:\Users\lenovo\Desktop\tema4\SleepingBeauty\Debug\link.2336-rc.write.1.tlog
C:\Users\lenovo\Desktop\tema4\SleepingBeauty\Debug\link.2336.read.1.tlog
C:\Users\lenovo\Desktop\tema4\SleepingBeauty\Debug\link.2336.write.1.tlog
C:\Users\lenovo\Desktop\tema4\SleepingBeauty\Debug\link.2364-cvtres.read.1.tlog
C:\Users\lenovo\Desktop\tema4\SleepingBeauty\Debug\link.2364-cvtres.write.1.tlog
C:\Users\lenovo\Desktop\tema4\SleepingBeauty\Debug\link.2364-rc.read.1.tlog
C:\Users\lenovo\Desktop\tema4\SleepingBeauty\Debug\link.2364-rc.write.1.tlog
C:\Users\lenovo\Desktop\tema4\SleepingBeauty\Debug\link.2364.read.1.tlog
C:\Users\lenovo\Desktop\tema4\SleepingBeauty\Debug\link.2364.write.1.tlog
C:\Users\lenovo\Desktop\tema4\SleepingBeauty\Debug\link.3128-cvtres.read.1.tlog
C:\Users\lenovo\Desktop\tema4\SleepingBeauty\Debug\link.3128-cvtres.write.1.tlog
C:\Users\lenovo\Desktop\tema4\SleepingBeauty\Debug\link.3128-rc.read.1.tlog
C:\Users\lenovo\Desktop\tema4\SleepingBeauty\Debug\link.3128-rc.write.1.tlog
C:\Users\lenovo\Desktop\tema4\SleepingBeauty\Debug\link.3128.read.1.tlog
C:\Users\lenovo\Desktop\tema4\SleepingBeauty\Debug\link.3128.write.1.tlog
C:\Users\lenovo\Desktop\tema4\SleepingBeauty\Debug\link.3212-cvtres.read.1.tlog
C:\Users\lenovo\Desktop\tema4\SleepingBeauty\Debug\link.3212-cvtres.write.1.tlog
C:\Users\lenovo\Desktop\tema4\SleepingBeauty\Debug\link.3212-rc.read.1.tlog
C:\Users\lenovo\Desktop\tema4\SleepingBeauty\Debug\link.3212-rc.write.1.tlog
C:\Users\lenovo\Desktop\tema4\SleepingBeauty\Debug\link.3212.read.1.tlog
C:\Users\lenovo\Desktop\tema4\SleepingBeauty\Debug\link.3212.write.1.tlog
C:\Users\lenovo\Desktop\tema4\SleepingBeauty\Debug\link.3672-cvtres.read.1.tlog
C:\Users\lenovo\Desktop\tema4\SleepingBeauty\Debug\link.3672-cvtres.write.1.tlog
C:\Users\lenovo\Desktop\tema4\SleepingBeauty\Debug\link.3672-rc.read.1.tlog
C:\Users\lenovo\Desktop\tema4\SleepingBeauty\Debug\link.3672-rc.write.1.tlog
C:\Users\lenovo\Desktop\tema4\SleepingBeauty\Debug\link.3672.read.1.tlog
C:\Users\lenovo\Desktop\tema4\SleepingBeauty\Debug\link.3672.write.1.tlog
C:\Users\lenovo\Desktop\tema4\SleepingBeauty\Debug\link.3780-cvtres.read.1.tlog
C:\Users\lenovo\Desktop\tema4\SleepingBeauty\Debug\link.3780-cvtres.write.1.tlog
C:\Users\lenovo\Desktop\tema4\SleepingBeauty\Debug\link.3780-rc.read.1.tlog
C:\Users\lenovo\Desktop\tema4\SleepingBeauty\Debug\link.3780-rc.write.1.tlog
C:\Users\lenovo\Desktop\tema4\SleepingBeauty\Debug\link.3780.read.1.tlog
C:\Users\lenovo\Desktop\tema4\SleepingBeauty\Debug\link.3780.write.1.tlog
C:\Users\lenovo\Desktop\tema4\SleepingBeauty\Debug\link.4396-cvtres.read.1.tlog
C:\Users\lenovo\Desktop\tema4\SleepingBeauty\Debug\link.4396-cvtres.write.1.tlog
C:\Users\lenovo\Desktop\tema4\SleepingBeauty\Debug\link.4396-rc.read.1.tlog
C:\Users\lenovo\Desktop\tema4\SleepingBeauty\Debug\link.4396-rc.write.1.tlog
C:\Users\lenovo\Desktop\tema4\SleepingBeauty\Debug\link.4396.read.1.tlog
C:\Users\lenovo\Desktop\tema4\SleepingBeauty\Debug\link.4396.write.1.tlog
C:\Users\lenovo\Desktop\tema4\SleepingBeauty\Debug\link.4800-cvtres.read.1.tlog
C:\Users\lenovo\Desktop\tema4\SleepingBeauty\Debug\link.4800-cvtres.write.1.tlog
C:\Users\lenovo\Desktop\tema4\SleepingBeauty\Debug\link.4800-rc.read.1.tlog
C:\Users\lenovo\Desktop\tema4\SleepingBeauty\Debug\link.4800-rc.write.1.tlog
C:\Users\lenovo\Desktop\tema4\SleepingBeauty\Debug\link.4800.read.1.tlog
C:\Users\lenovo\Desktop\tema4\SleepingBeauty\Debug\link.4800.write.1.tlog
C:\Users\lenovo\Desktop\tema4\SleepingBeauty\Debug\link.5592-cvtres.read.1.tlog
C:\Users\lenovo\Desktop\tema4\SleepingBeauty\Debug\link.5592-cvtres.write.1.tlog
C:\Users\lenovo\Desktop\tema4\SleepingBeauty\Debug\link.5592-rc.read.1.tlog
C:\Users\lenovo\Desktop\tema4\SleepingBeauty\Debug\link.5592-rc.write.1.tlog
C:\Users\lenovo\Desktop\tema4\SleepingBeauty\Debug\link.5592.read.1.tlog
C:\Users\lenovo\Desktop\tema4\SleepingBeauty\Debug\link.5592.write.1.tlog
C:\Users\lenovo\Desktop\tema4\SleepingBeauty\Debug\link.5604-cvtres.read.1.tlog
C:\Users\lenovo\Desktop\tema4\SleepingBeauty\Debug\link.5604-cvtres.write.1.tlog
C:\Users\lenovo\Desktop\tema4\SleepingBeauty\Debug\link.5604-rc.read.1.tlog
C:\Users\lenovo\Desktop\tema4\SleepingBeauty\Debug\link.5604-rc.write.1.tlog
C:\Users\lenovo\Desktop\tema4\SleepingBeauty\Debug\link.5604.read.1.tlog
C:\Users\lenovo\Desktop\tema4\SleepingBeauty\Debug\link.5604.write.1.tlog
C:\Users\lenovo\Desktop\tema4\SleepingBeauty\Debug\link.6168-cvtres.read.1.tlog
C:\Users\lenovo\Desktop\tema4\SleepingBeauty\Debug\link.6168-cvtres.write.1.tlog
C:\Users\lenovo\Desktop\tema4\SleepingBeauty\Debug\link.6168-rc.read.1.tlog
C:\Users\lenovo\Desktop\tema4\SleepingBeauty\Debug\link.6168-rc.write.1.tlog
C:\Users\lenovo\Desktop\tema4\SleepingBeauty\Debug\link.6168.read.1.tlog
C:\Users\lenovo\Desktop\tema4\SleepingBeauty\Debug\link.6168.write.1.tlog
C:\Users\lenovo\Desktop\tema4\SleepingBeauty\Debug\link.6480-cvtres.read.1.tlog
C:\Users\lenovo\Desktop\tema4\SleepingBeauty\Debug\link.6480-cvtres.write.1.tlog
C:\Users\lenovo\Desktop\tema4\SleepingBeauty\Debug\link.6480-rc.read.1.tlog
C:\Users\lenovo\Desktop\tema4\SleepingBeauty\Debug\link.6480-rc.write.1.tlog
C:\Users\lenovo\Desktop\tema4\SleepingBeauty\Debug\link.6480.read.1.tlog
C:\Users\lenovo\Desktop\tema4\SleepingBeauty\Debug\link.6480.write.1.tlog
C:\Users\lenovo\Desktop\tema4\SleepingBeauty\Debug\link.6504-cvtres.read.1.tlog
C:\Users\lenovo\Desktop\tema4\SleepingBeauty\Debug\link.6504-cvtres.write.1.tlog
C:\Users\lenovo\Desktop\tema4\SleepingBeauty\Debug\link.6504-rc.read.1.tlog
C:\Users\lenovo\Desktop\tema4\SleepingBeauty\Debug\link.6504-rc.write.1.tlog
C:\Users\lenovo\Desktop\tema4\SleepingBeauty\Debug\link.6504.read.1.tlog
C:\Users\lenovo\Desktop\tema4\SleepingBeauty\Debug\link.6504.write.1.tlog
C:\Users\lenovo\Desktop\tema4\SleepingBeauty\Debug\link.6596-cvtres.read.1.tlog
C:\Users\lenovo\Desktop\tema4\SleepingBeauty\Debug\link.6596-cvtres.write.1.tlog
C:\Users\lenovo\Desktop\tema4\SleepingBeauty\Debug\link.6596-rc.read.1.tlog
C:\Users\lenovo\Desktop\tema4\SleepingBeauty\Debug\link.6596-rc.write.1.tlog
C:\Users\lenovo\Desktop\tema4\SleepingBeauty\Debug\link.6596.read.1.tlog
C:\Users\lenovo\Desktop\tema4\SleepingBeauty\Debug\link.6596.write.1.tlog
C:\Users\lenovo\Desktop\tema4\SleepingBeauty\Debug\link.6740-cvtres.read.1.tlog
C:\Users\lenovo\Desktop\tema4\SleepingBeauty\Debug\link.6740-cvtres.write.1.tlog
C:\Users\lenovo\Desktop\tema4\SleepingBeauty\Debug\link.6740-rc.read.1.tlog
C:\Users\lenovo\Desktop\tema4\SleepingBeauty\Debug\link.6740-rc.write.1.tlog
C:\Users\lenovo\Desktop\tema4\SleepingBeauty\Debug\link.6740.read.1.tlog
C:\Users\lenovo\Desktop\tema4\SleepingBeauty\Debug\link.6740.write.1.tlog
C:\Users\lenovo\Desktop\tema4\SleepingBeauty\Debug\link.6768-cvtres.read.1.tlog
C:\Users\lenovo\Desktop\tema4\SleepingBeauty\Debug\link.6768-cvtres.write.1.tlog
C:\Users\lenovo\Desktop\tema4\SleepingBeauty\Debug\link.6768-rc.read.1.tlog
C:\Users\lenovo\Desktop\tema4\SleepingBeauty\Debug\link.6768-rc.write.1.tlog
C:\Users\lenovo\Desktop\tema4\SleepingBeauty\Debug\link.6768.read.1.tlog
C:\Users\lenovo\Desktop\tema4\SleepingBeauty\Debug\link.6768.write.1.tlog
C:\Users\lenovo\Desktop\tema4\SleepingBeauty\Debug\link.7020-cvtres.read.1.tlog
C:\Users\lenovo\Desktop\tema4\SleepingBeauty\Debug\link.7020-cvtres.write.1.tlog
C:\Users\lenovo\Desktop\tema4\SleepingBeauty\Debug\link.7020-rc.read.1.tlog
C:\Users\lenovo\Desktop\tema4\SleepingBeauty\Debug\link.7020-rc.write.1.tlog
C:\Users\lenovo\Desktop\tema4\SleepingBeauty\Debug\link.7020.read.1.tlog
C:\Users\lenovo\Desktop\tema4\SleepingBeauty\Debug\link.7020.write.1.tlog
C:\Users\lenovo\Desktop\tema4\SleepingBeauty\Debug\link.7200-cvtres.read.1.tlog
C:\Users\lenovo\Desktop\tema4\SleepingBeauty\Debug\link.7200-cvtres.write.1.tlog
C:\Users\lenovo\Desktop\tema4\SleepingBeauty\Debug\link.7200-rc.read.1.tlog
C:\Users\lenovo\Desktop\tema4\SleepingBeauty\Debug\link.7200-rc.write.1.tlog
C:\Users\lenovo\Desktop\tema4\SleepingBeauty\Debug\link.7200.read.1.tlog
C:\Users\lenovo\Desktop\tema4\SleepingBeauty\Debug\link.7200.write.1.tlog
C:\Users\lenovo\Desktop\tema4\SleepingBeauty\Debug\link.7956-cvtres.read.1.tlog
C:\Users\lenovo\Desktop\tema4\SleepingBeauty\Debug\link.7956-cvtres.write.1.tlog
C:\Users\lenovo\Desktop\tema4\SleepingBeauty\Debug\link.7956-rc.read.1.tlog
C:\Users\lenovo\Desktop\tema4\SleepingBeauty\Debug\link.7956-rc.write.1.tlog
C:\Users\lenovo\Desktop\tema4\SleepingBeauty\Debug\link.7956.read.1.tlog
C:\Users\lenovo\Desktop\tema4\SleepingBeauty\Debug\link.7956.write.1.tlog
C:\Users\lenovo\Desktop\tema4\SleepingBeauty\Debug\link.8024-cvtres.read.1.tlog
C:\Users\lenovo\Desktop\tema4\SleepingBeauty\Debug\link.8024-cvtres.write.1.tlog
C:\Users\lenovo\Desktop\tema4\SleepingBeauty\Debug\link.8024-rc.read.1.tlog
C:\Users\lenovo\Desktop\tema4\SleepingBeauty\Debug\link.8024-rc.write.1.tlog
C:\Users\lenovo\Desktop\tema4\SleepingBeauty\Debug\link.8024.read.1.tlog
C:\Users\lenovo\Desktop\tema4\SleepingBeauty\Debug\link.8024.write.1.tlog
C:\Users\lenovo\Desktop\tema4\SleepingBeauty\Debug\link.8056-cvtres.read.1.tlog
C:\Users\lenovo\Desktop\tema4\SleepingBeauty\Debug\link.8056-cvtres.write.1.tlog
C:\Users\lenovo\Desktop\tema4\SleepingBeauty\Debug\link.8056-rc.read.1.tlog
C:\Users\lenovo\Desktop\tema4\SleepingBeauty\Debug\link.8056-rc.write.1.tlog
C:\Users\lenovo\Desktop\tema4\SleepingBeauty\Debug\link.8056.read.1.tlog
C:\Users\lenovo\Desktop\tema4\SleepingBeauty\Debug\link.8056.write.1.tlog
C:\Users\lenovo\Desktop\tema4\SleepingBeauty\Debug\link.8092-cvtres.read.1.tlog
C:\Users\lenovo\Desktop\tema4\SleepingBeauty\Debug\link.8092-cvtres.write.1.tlog
C:\Users\lenovo\Desktop\tema4\SleepingBeauty\Debug\link.8092-rc.read.1.tlog
C:\Users\lenovo\Desktop\tema4\SleepingBeauty\Debug\link.8092-rc.write.1.tlog
C:\Users\lenovo\Desktop\tema4\SleepingBeauty\Debug\link.8092.read.1.tlog
C:\Users\lenovo\Desktop\tema4\SleepingBeauty\Debug\link.8092.write.1.tlog
C:\Users\lenovo\Desktop\tema4\SleepingBeauty\Debug\link.8148-cvtres.read.1.tlog
C:\Users\lenovo\Desktop\tema4\SleepingBeauty\Debug\link.8148-cvtres.write.1.tlog
C:\Users\lenovo\Desktop\tema4\SleepingBeauty\Debug\link.8148-rc.read.1.tlog
C:\Users\lenovo\Desktop\tema4\SleepingBeauty\Debug\link.8148-rc.write.1.tlog
C:\Users\lenovo\Desktop\tema4\SleepingBeauty\Debug\link.8148.read.1.tlog
C:\Users\lenovo\Desktop\tema4\SleepingBeauty\Debug\link.8148.write.1.tlog
C:\Users\lenovo\Desktop\tema4\SleepingBeauty\Debug\link.8180-cvtres.read.1.tlog
C:\Users\lenovo\Desktop\tema4\SleepingBeauty\Debug\link.8180-cvtres.write.1.tlog
C:\Users\lenovo\Desktop\tema4\SleepingBeauty\Debug\link.8180-rc.read.1.tlog
C:\Users\lenovo\Desktop\tema4\SleepingBeauty\Debug\link.8180-rc.write.1.tlog
C:\Users\lenovo\Desktop\tema4\SleepingBeauty\Debug\link.8180.read.1.tlog
C:\Users\lenovo\Desktop\tema4\SleepingBeauty\Debug\link.8180.write.1.tlog
C:\Users\lenovo\Desktop\tema4\SleepingBeauty\Debug\link.8228-cvtres.read.1.tlog
C:\Users\lenovo\Desktop\tema4\SleepingBeauty\Debug\link.8228-cvtres.write.1.tlog
C:\Users\lenovo\Desktop\tema4\SleepingBeauty\Debug\link.8228-rc.read.1.tlog
C:\Users\lenovo\Desktop\tema4\SleepingBeauty\Debug\link.8228-rc.write.1.tlog
C:\Users\lenovo\Desktop\tema4\SleepingBeauty\Debug\link.8228.read.1.tlog
C:\Users\lenovo\Desktop\tema4\SleepingBeauty\Debug\link.8228.write.1.tlog
C:\Users\lenovo\Desktop\tema4\SleepingBeauty\Debug\link.8316-cvtres.read.1.tlog
C:\Users\lenovo\Desktop\tema4\SleepingBeauty\Debug\link.8316-cvtres.write.1.tlog
C:\Users\lenovo\Desktop\tema4\SleepingBeauty\Debug\link.8316-rc.read.1.tlog
C:\Users\lenovo\Desktop\tema4\SleepingBeauty\Debug\link.8316-rc.write.1.tlog
C:\Users\lenovo\Desktop\tema4\SleepingBeauty\Debug\link.8316.read.1.tlog
C:\Users\lenovo\Desktop\tema4\SleepingBeauty\Debug\link.8316.write.1.tlog
C:\Users\lenovo\Desktop\tema4\SleepingBeauty\Debug\link.8356-cvtres.read.1.tlog
C:\Users\lenovo\Desktop\tema4\SleepingBeauty\Debug\link.8356-cvtres.write.1.tlog
C:\Users\lenovo\Desktop\tema4\SleepingBeauty\Debug\link.8356-rc.read.1.tlog
C:\Users\lenovo\Desktop\tema4\SleepingBeauty\Debug\link.8356-rc.write.1.tlog
C:\Users\lenovo\Desktop\tema4\SleepingBeauty\Debug\link.8356.read.1.tlog
C:\Users\lenovo\Desktop\tema4\SleepingBeauty\Debug\link.8356.write.1.tlog
C:\Users\lenovo\Desktop\tema4\SleepingBeauty\Debug\link.8460-cvtres.read.1.tlog
C:\Users\lenovo\Desktop\tema4\SleepingBeauty\Debug\link.8460-cvtres.write.1.tlog
C:\Users\lenovo\Desktop\tema4\SleepingBeauty\Debug\link.8460-rc.read.1.tlog
C:\Users\lenovo\Desktop\tema4\SleepingBeauty\Debug\link.8460-rc.write.1.tlog
C:\Users\lenovo\Desktop\tema4\SleepingBeauty\Debug\link.8460.read.1.tlog
C:\Users\lenovo\Desktop\tema4\SleepingBeauty\Debug\link.8460.write.1.tlog
C:\Users\lenovo\Desktop\tema4\SleepingBeauty\Debug\link.8600-cvtres.read.1.tlog
C:\Users\lenovo\Desktop\tema4\SleepingBeauty\Debug\link.8600-cvtres.write.1.tlog
C:\Users\lenovo\Desktop\tema4\SleepingBeauty\Debug\link.8600-rc.read.1.tlog
C:\Users\lenovo\Desktop\tema4\SleepingBeauty\Debug\link.8600-rc.write.1.tlog
C:\Users\lenovo\Desktop\tema4\SleepingBeauty\Debug\link.8600.read.1.tlog
C:\Users\lenovo\Desktop\tema4\SleepingBeauty\Debug\link.8600.write.1.tlog
C:\Users\lenovo\Desktop\tema4\SleepingBeauty\Debug\link.8680-cvtres.read.1.tlog
C:\Users\lenovo\Desktop\tema4\SleepingBeauty\Debug\link.8680-cvtres.write.1.tlog
C:\Users\lenovo\Desktop\tema4\SleepingBeauty\Debug\link.8680-rc.read.1.tlog
C:\Users\lenovo\Desktop\tema4\SleepingBeauty\Debug\link.8680-rc.write.1.tlog
C:\Users\lenovo\Desktop\tema4\SleepingBeauty\Debug\link.8680.read.1.tlog
C:\Users\lenovo\Desktop\tema4\SleepingBeauty\Debug\link.8680.write.1.tlog
C:\Users\lenovo\Desktop\tema4\SleepingBeauty\Debug\link.9012-cvtres.read.1.tlog
C:\Users\lenovo\Desktop\tema4\SleepingBeauty\Debug\link.9012-cvtres.write.1.tlog
C:\Users\lenovo\Desktop\tema4\SleepingBeauty\Debug\link.9012-rc.read.1.tlog
C:\Users\lenovo\Desktop\tema4\SleepingBeauty\Debug\link.9012-rc.write.1.tlog
C:\Users\lenovo\Desktop\tema4\SleepingBeauty\Debug\link.9012.read.1.tlog
C:\Users\lenovo\Desktop\tema4\SleepingBeauty\Debug\link.9012.write.1.tlog
C:\Users\lenovo\Desktop\tema4\SleepingBeauty\Debug\link.9076-cvtres.read.1.tlog
C:\Users\lenovo\Desktop\tema4\SleepingBeauty\Debug\link.9076-cvtres.write.1.tlog
C:\Users\lenovo\Desktop\tema4\SleepingBeauty\Debug\link.9076-rc.read.1.tlog
C:\Users\lenovo\Desktop\tema4\SleepingBeauty\Debug\link.9076-rc.write.1.tlog
C:\Users\lenovo\Desktop\tema4\SleepingBeauty\Debug\link.9076.read.1.tlog
C:\Users\lenovo\Desktop\tema4\SleepingBeauty\Debug\link.9076.write.1.tlog
C:\Users\lenovo\Desktop\tema4\SleepingBeauty\Debug\link.9320-cvtres.read.1.tlog
C:\Users\lenovo\Desktop\tema4\SleepingBeauty\Debug\link.9320-cvtres.write.1.tlog
C:\Users\lenovo\Desktop\tema4\SleepingBeauty\Debug\link.9320-rc.read.1.tlog
C:\Users\lenovo\Desktop\tema4\SleepingBeauty\Debug\link.9320-rc.write.1.tlog
C:\Users\lenovo\Desktop\tema4\SleepingBeauty\Debug\link.9320.read.1.tlog
C:\Users\lenovo\Desktop\tema4\SleepingBeauty\Debug\link.9320.write.1.tlog
C:\Users\lenovo\Desktop\tema4\SleepingBeauty\Debug\link.9352-cvtres.read.1.tlog
C:\Users\lenovo\Desktop\tema4\SleepingBeauty\Debug\link.9352-cvtres.write.1.tlog
C:\Users\lenovo\Desktop\tema4\SleepingBeauty\Debug\link.9352-rc.read.1.tlog
C:\Users\lenovo\Desktop\tema4\SleepingBeauty\Debug\link.9352-rc.write.1.tlog
C:\Users\lenovo\Desktop\tema4\SleepingBeauty\Debug\link.9352.read.1.tlog
C:\Users\lenovo\Desktop\tema4\SleepingBeauty\Debug\link.9352.write.1.tlog
C:\Users\lenovo\Desktop\tema4\SleepingBeauty\Debug\link.9556-cvtres.read.1.tlog
C:\Users\lenovo\Desktop\tema4\SleepingBeauty\Debug\link.9556-cvtres.write.1.tlog
C:\Users\lenovo\Desktop\tema4\SleepingBeauty\Debug\link.9556-rc.read.1.tlog
C:\Users\lenovo\Desktop\tema4\SleepingBeauty\Debug\link.9556-rc.write.1.tlog
C:\Users\lenovo\Desktop\tema4\SleepingBeauty\Debug\link.9556.read.1.tlog
C:\Users\lenovo\Desktop\tema4\SleepingBeauty\Debug\link.9556.write.1.tlog
C:\Users\lenovo\Desktop\tema4\SleepingBeauty\Debug\link.9572-cvtres.read.1.tlog
C:\Users\lenovo\Desktop\tema4\SleepingBeauty\Debug\link.9572-cvtres.write.1.tlog
C:\Users\lenovo\Desktop\tema4\SleepingBeauty\Debug\link.9572-rc.read.1.tlog
C:\Users\lenovo\Desktop\tema4\SleepingBeauty\Debug\link.9572-rc.write.1.tlog
C:\Users\lenovo\Desktop\tema4\SleepingBeauty\Debug\link.9572.read.1.tlog
C:\Users\lenovo\Desktop\tema4\SleepingBeauty\Debug\link.9572.write.1.tlog
C:\Users\lenovo\Desktop\tema4\SleepingBeauty\Debug\link.9752-cvtres.read.1.tlog
C:\Users\lenovo\Desktop\tema4\SleepingBeauty\Debug\link.9752-cvtres.write.1.tlog
C:\Users\lenovo\Desktop\tema4\SleepingBeauty\Debug\link.9752-rc.read.1.tlog
C:\Users\lenovo\Desktop\tema4\SleepingBeauty\Debug\link.9752-rc.write.1.tlog
C:\Users\lenovo\Desktop\tema4\SleepingBeauty\Debug\link.9752.read.1.tlog
C:\Users\lenovo\Desktop\tema4\SleepingBeauty\Debug\link.9752.write.1.tlog
C:\Users\lenovo\Desktop\tema4\SleepingBeauty\Debug\link.9832-cvtres.read.1.tlog
C:\Users\lenovo\Desktop\tema4\SleepingBeauty\Debug\link.9832-cvtres.write.1.tlog
C:\Users\lenovo\Desktop\tema4\SleepingBeauty\Debug\link.9832-rc.read.1.tlog
C:\Users\lenovo\Desktop\tema4\SleepingBeauty\Debug\link.9832-rc.write.1.tlog
C:\Users\lenovo\Desktop\tema4\SleepingBeauty\Debug\link.9832.read.1.tlog
C:\Users\lenovo\Desktop\tema4\SleepingBeauty\Debug\link.9832.write.1.tlog
C:\Users\lenovo\Desktop\tema4\SleepingBeauty\Debug\link.9852-cvtres.read.1.tlog
C:\Users\lenovo\Desktop\tema4\SleepingBeauty\Debug\link.9852-cvtres.write.1.tlog
C:\Users\lenovo\Desktop\tema4\SleepingBeauty\Debug\link.9852-rc.read.1.tlog
C:\Users\lenovo\Desktop\tema4\SleepingBeauty\Debug\link.9852-rc.write.1.tlog
C:\Users\lenovo\Desktop\tema4\SleepingBeauty\Debug\link.9852.read.1.tlog
C:\Users\lenovo\Desktop\tema4\SleepingBeauty\Debug\link.9852.write.1.tlog
C:\Users\lenovo\Desktop\tema4\SleepingBeauty\Debug\link.9912-cvtres.read.1.tlog
C:\Users\lenovo\Desktop\tema4\SleepingBeauty\Debug\link.9912-cvtres.write.1.tlog
C:\Users\lenovo\Desktop\tema4\SleepingBeauty\Debug\link.9912-rc.read.1.tlog
C:\Users\lenovo\Desktop\tema4\SleepingBeauty\Debug\link.9912-rc.write.1.tlog
C:\Users\lenovo\Desktop\tema4\SleepingBeauty\Debug\link.9912.read.1.tlog
C:\Users\lenovo\Desktop\tema4\SleepingBeauty\Debug\link.9912.write.1.tlog
C:\Users\lenovo\Desktop\tema4\SleepingBeauty\Debug\link.9976-cvtres.read.1.tlog
C:\Users\lenovo\Desktop\tema4\SleepingBeauty\Debug\link.9976-cvtres.write.1.tlog
C:\Users\lenovo\Desktop\tema4\SleepingBeauty\Debug\link.9976-rc.read.1.tlog
C:\Users\lenovo\Desktop\tema4\SleepingBeauty\Debug\link.9976-rc.write.1.tlog
C:\Users\lenovo\Desktop\tema4\SleepingBeauty\Debug\link.9976.read.1.tlog
C:\Users\lenovo\Desktop\tema4\SleepingBeauty\Debug\link.9976.write.1.tlog
C:\Users\lenovo\Desktop\tema4\SleepingBeauty\Debug\link.9984-cvtres.read.1.tlog
C:\Users\lenovo\Desktop\tema4\SleepingBeauty\Debug\link.9984-cvtres.write.1.tlog
C:\Users\lenovo\Desktop\tema4\SleepingBeauty\Debug\link.9984-rc.read.1.tlog
C:\Users\lenovo\Desktop\tema4\SleepingBeauty\Debug\link.9984-rc.write.1.tlog
C:\Users\lenovo\Desktop\tema4\SleepingBeauty\Debug\link.9984.read.1.tlog
C:\Users\lenovo\Desktop\tema4\SleepingBeauty\Debug\link.9984.write.1.tlog
C:\Users\lenovo\Desktop\tema4\SleepingBeauty\Debug\link.9988-cvtres.read.1.tlog
C:\Users\lenovo\Desktop\tema4\SleepingBeauty\Debug\link.9988-cvtres.write.1.tlog
C:\Users\lenovo\Desktop\tema4\SleepingBeauty\Debug\link.9988-rc.read.1.tlog
C:\Users\lenovo\Desktop\tema4\SleepingBeauty\Debug\link.9988-rc.write.1.tlog
C:\Users\lenovo\Desktop\tema4\SleepingBeauty\Debug\link.9988.read.1.tlog
C:\Users\lenovo\Desktop\tema4\SleepingBeauty\Debug\link.9988.write.1.tlog
C:\Users\lenovo\Desktop\tema4\SleepingBeauty\Debug\link.command.1.tlog
C:\Users\lenovo\Desktop\tema4\SleepingBeauty\Debug\link.read.1.tlog
C:\Users\lenovo\Desktop\tema4\SleepingBeauty\Debug\link.write.1.tlog
C:\Users\lenovo\Desktop\tema4\SleepingBeauty\Debug\vc110.idb
C:\Users\lenovo\Desktop\tema4\SleepingBeauty\Debug\lab_gl_4.pdb
C:\Users\lenovo\Desktop\tema4\SleepingBeauty\Debug\SleepingBeauty.pdb
C:\Users\lenovo\Desktop\tema4\SleepingBeauty\Debug\vc110.pdb
C:\Users\lenovo\Desktop\tema4\SleepingBeauty\Debug\SleepingBeauty.exe
